0.653090238571167
create_account
0.013620853424072266
deposit_checking
0.01088404655456543
send_payment
realQuery{"CustomId":"r","CustomName":"test","SavingsBalance":1000,"CheckingBalance":3000}
0.008156299591064453
invoke-query{"CustomId":"55","CustomName":"y","SavingsBalance":100,"CheckingBalance":29300}
0.00872182846069336
create_account
0.008883237838745117
deposit_checking
0.011629104614257812
send_payment
realQuery{"CustomId":"a","CustomName":"test","SavingsBalance":1000,"CheckingBalance":3000}
0.00810694694519043
invoke-query{"CustomId":"55","CustomName":"y","SavingsBalance":100,"CheckingBalance":30300}
0.0073091983795166016
create_account
0.01031804084777832
deposit_checking
0.009312152862548828
send_payment
realQuery{"CustomId":"n","CustomName":"test","SavingsBalance":1000,"CheckingBalance":3000}
0.007953166961669922
invoke-query{"CustomId":"55","CustomName":"y","SavingsBalance":100,"CheckingBalance":31300}
0.010100126266479492
create_account
0.009542226791381836
deposit_checking
0.013139963150024414
send_payment
realQuery{"CustomId":"g","CustomName":"test","SavingsBalance":1000,"CheckingBalance":3000}
0.008336782455444336
invoke-query{"CustomId":"55","CustomName":"y","SavingsBalance":100,"CheckingBalance":32300}
0.007846355438232422
create_account
0.009424924850463867
deposit_checking
0.013968229293823242
send_payment
realQuery{"CustomId":"e","CustomName":"test","SavingsBalance":1000,"CheckingBalance":3000}
0.008879899978637695
invoke-query{"CustomId":"55","CustomName":"y","SavingsBalance":100,"CheckingBalance":33300}
0.007898092269897461
create_account
0.010521173477172852
deposit_checking
0.009929180145263672
send_payment
realQuery{"CustomId":"(","CustomName":"test","SavingsBalance":1000,"CheckingBalance":3000}
0.008928060531616211
invoke-query{"CustomId":"55","CustomName":"y","SavingsBalance":100,"CheckingBalance":34300}
0.00735783576965332
create_account
0.009477853775024414
deposit_checking
0.01261591911315918
send_payment
realQuery{"CustomId":"4","CustomName":"d","SavingsBalance":100,"CheckingBalance":1100}
0.00806879997253418
invoke-query{"CustomId":"55","CustomName":"y","SavingsBalance":100,"CheckingBalance":35300}
0.0078089237213134766
create_account
0.00826406478881836
deposit_checking
0.00962519645690918
send_payment
realQuery{"CustomId":"0","CustomName":"test","SavingsBalance":1000,"CheckingBalance":2000}
0.00906991958618164
invoke-query{"CustomId":"55","CustomName":"y","SavingsBalance":100,"CheckingBalance":36300}
0.008504152297973633
create_account
0.010979175567626953
deposit_checking
0.009238958358764648
send_payment
realQuery{"CustomId":",","CustomName":"test","SavingsBalance":1000,"CheckingBalance":3000}
0.007225751876831055
invoke-query{"CustomId":"55","CustomName":"y","SavingsBalance":100,"CheckingBalance":37300}
0.009008169174194336
create_account
0.010561943054199219
deposit_checking
0.008830070495605469
send_payment
realQuery{"CustomId":" ","CustomName":"test","SavingsBalance":1000,"CheckingBalance":3000}
0.009579181671142578
invoke-query{"CustomId":"55","CustomName":"y","SavingsBalance":100,"CheckingBalance":38300}
0.008532047271728516
create_account
0.008102893829345703
deposit_checking
0.010879039764404297
send_payment
realQuery{"CustomId":"5","CustomName":"test","SavingsBalance":1000,"CheckingBalance":4000}
0.007105827331542969
invoke-query{"CustomId":"55","CustomName":"y","SavingsBalance":100,"CheckingBalance":39300}
0.008661031723022461
create_account
0.007266998291015625
deposit_checking
0.009076833724975586
send_payment
realQuery{"CustomId":"0","CustomName":"test","SavingsBalance":1000,"CheckingBalance":3000}
0.009170055389404297
invoke-query{"CustomId":"55","CustomName":"y","SavingsBalance":100,"CheckingBalance":40300}
0.008327245712280273
create_account
0.009374856948852539
deposit_checking
0.009390830993652344
send_payment
realQuery{"CustomId":")","CustomName":"test","SavingsBalance":1000,"CheckingBalance":3000}
0.006730079650878906
invoke-query{"CustomId":"55","CustomName":"y","SavingsBalance":100,"CheckingBalance":41300}


+++

