0.01770472526550293
peer0.org1.example.com, query
0.00939798355102539
0.008554935455322266
0.011849403381347656
0.009453058242797852
0.010256290435791016
0.007328033447265625
0.00838780403137207
0.008867979049682617
0.012313127517700195
0.01760697364807129
0.02027583122253418
0.01052093505859375
0.013875961303710938
0.008249998092651367
0.008125782012939453
0.009324789047241211
0.006864070892333984
0.008634090423583984
0.0072977542877197266
0.00855398178100586
0.008579015731811523
0.01620197296142578
0.011897087097167969
0.009473085403442383
0.008400917053222656
0.007967948913574219
0.010050058364868164
0.008924007415771484
0.00984501838684082
0.009205102920532227
0.009279966354370117
0.0112457275390625
0.00834512710571289
0.00807499885559082
0.007510185241699219
0.0077250003814697266
0.00809621810913086
0.010294914245605469
0.010771989822387695
0.013676166534423828
0.00675511360168457
0.008760929107666016
0.007580995559692383
0.009804010391235352
0.009002923965454102
0.010766744613647461
0.0074350833892822266
0.010755062103271484
0.019464969635009766
peer0.org1.example.com, query
0.010007143020629883
0.012987136840820312
0.008066892623901367
0.008129119873046875
0.010329246520996094
0.008186101913452148
0.009541749954223633
0.007757663726806641
0.011290788650512695
0.009013891220092773
0.0068359375
0.00829005241394043
0.010509967803955078
0.008172035217285156
0.009676933288574219
0.007436037063598633
0.008446216583251953
0.009812116622924805
0.008123159408569336
0.008678197860717773
0.00835108757019043
0.007916927337646484
0.007030010223388672
0.008456230163574219
0.009279012680053711
0.008697986602783203
0.008402109146118164
0.008314847946166992
0.008433818817138672
0.008194684982299805
0.011377096176147461
0.007818937301635742
0.008088111877441406
0.008297920227050781
0.008756875991821289
0.007593870162963867
0.019032955169677734
0.008086204528808594
0.01055002212524414
0.007595062255859375
0.0076808929443359375
0.00875997543334961
0.006958961486816406
0.006878852844238281
0.0066680908203125
0.008221149444580078
0.0074880123138427734
0.008422136306762695
0.010165929794311523
0.008243083953857422
0.0073719024658203125
0.00952005386352539
0.007838964462280273
0.009829282760620117
0.007944822311401367
0.0088958740234375
0.0076999664306640625
0.008401870727539062
0.009184837341308594
0.007440805435180664
0.010097026824951172
0.00898885726928711
0.007937192916870117
0.007141828536987305
0.008408069610595703
0.008709192276000977
0.008144855499267578
0.009217977523803711
0.007952213287353516
0.008980274200439453
0.007758140563964844
0.00776982307434082
0.00803518295288086
0.006617069244384766
0.007758140563964844
0.007935047149658203
0.0070841312408447266
0.010187625885009766
0.008951902389526367
0.007761240005493164
0.01382899284362793
0.007963895797729492
0.007539987564086914
0.008378982543945312
0.009423971176147461
0.009264945983886719
0.008074045181274414
0.009805917739868164
0.008205890655517578
0.008393049240112305
0.00987386703491211
0.009293079376220703
0.009382009506225586
0.00978994369506836
0.007214069366455078
0.0070841312408447266
0.007626056671142578
0.00739288330078125
0.00884103775024414
0.007903814315795898
0.00757908821105957
0.00777125358581543
0.0078887939453125
0.009765863418579102
0.008214712142944336
0.010786056518554688
0.007870912551879883
0.009140968322753906
0.008270978927612305
0.006966829299926758
0.008079051971435547
0.007695913314819336
0.007459878921508789
0.008058309555053711
0.00751185417175293
0.008014917373657227
0.007177829742431641
0.008035898208618164
0.007767677307128906
0.010371208190917969
0.009701728820800781
0.00837564468383789
0.008124828338623047
0.007985830307006836
0.0068149566650390625
0.009413719177246094
0.007939815521240234
0.008209705352783203
0.007503986358642578
0.008800983428955078
0.011410951614379883
0.00925898551940918
0.008952140808105469
0.007584095001220703
0.00764012336730957
0.008275985717773438
0.007316112518310547
0.007853031158447266
0.007951021194458008
0.008465290069580078
0.00787496566772461
0.007668972015380859
0.007020235061645508
0.007635354995727539
0.007426023483276367
0.006759166717529297
0.010172843933105469
0.008804082870483398
0.007551908493041992
0.007082939147949219
0.00777888298034668
0.006963014602661133
0.007498979568481445
0.007332801818847656
0.010082006454467773
0.011479854583740234
0.0070531368255615234
0.009150028228759766
0.009419918060302734
0.007727861404418945
0.011409282684326172
0.0075588226318359375
0.008988142013549805
0.008793115615844727
0.00738215446472168
0.008180856704711914
0.008810997009277344
0.008991003036499023
0.007741212844848633
0.00751495361328125
0.00773310661315918
0.007398843765258789
0.007847070693969727
0.00692296028137207
0.009296894073486328
0.008151769638061523
0.007828950881958008
0.006946086883544922
0.007299900054931641
0.010251998901367188
0.0068700313568115234
0.007730960845947266
0.007395029067993164
0.007744789123535156
0.007544279098510742
0.006718873977661133
0.008428812026977539
0.008990049362182617
0.007962942123413086
0.01011204719543457
0.007843971252441406
0.007840871810913086
0.008226871490478516
0.008055925369262695
0.007827997207641602
0.00884699821472168
0.007860898971557617
0.007894039154052734
0.016546010971069336
0.007218837738037109
0.007136106491088867
0.0071201324462890625
0.008054018020629883
0.0069730281829833984
0.007313966751098633
0.00848388671875
0.007586002349853516
0.009408950805664062
0.008013010025024414
0.007269144058227539
0.007712125778198242
0.007786989212036133
0.008349895477294922
0.007511138916015625
0.008215188980102539
0.008295059204101562
0.007989168167114258
0.006868839263916016
0.0074100494384765625
0.0072100162506103516
0.012192010879516602
0.007195234298706055
0.009418010711669922
0.008360862731933594
0.008244991302490234
0.00975489616394043
0.008176088333129883
0.010187864303588867
0.007094144821166992
0.0070629119873046875
0.006737947463989258
0.008582115173339844
0.007788181304931641
0.008069992065429688
0.008275985717773438
0.006872892379760742
0.009422063827514648
0.007228851318359375
0.008626937866210938
0.008164167404174805
0.009304046630859375
0.0069429874420166016
0.008502721786499023
0.007334232330322266
0.010581016540527344
0.007218837738037109
0.008111238479614258
0.010044097900390625
0.006884098052978516
0.008478879928588867
0.007367849349975586
0.0072209835052490234
0.007905006408691406
0.0072879791259765625
0.006681203842163086
0.006757974624633789
0.008787870407104492
0.009737968444824219
0.008936882019042969
0.006950855255126953
0.008563041687011719
0.009313106536865234
0.0074291229248046875
0.009159088134765625
0.008101940155029297
0.008650064468383789
0.007467031478881836
0.009352922439575195
0.008581876754760742
0.009090185165405273
0.007004976272583008
0.007328987121582031
0.008977174758911133
0.006556272506713867
0.008875131607055664
0.007661104202270508
0.0073337554931640625
0.007005929946899414
0.008928060531616211
0.0075724124908447266
0.009405374526977539
0.007979154586791992
0.008665084838867188
0.008048057556152344
0.00991201400756836
0.008289813995361328
0.008186817169189453
0.007966041564941406
0.007451057434082031
0.0077762603759765625
0.007734060287475586
0.007083892822265625
0.007455110549926758
0.00873708724975586
0.007676124572753906
0.0075321197509765625
0.006849050521850586
0.007902860641479492
0.006622791290283203
0.007178068161010742
0.007936954498291016
0.00929570198059082
0.006623029708862305
0.011184215545654297
0.009937286376953125
0.009927988052368164
0.007282257080078125
0.008762836456298828
0.007050991058349609
0.006960153579711914
0.010019063949584961
0.009183168411254883
0.006854057312011719
0.0071451663970947266
0.008898019790649414
0.007773160934448242
0.00846099853515625
0.007458686828613281
0.007631063461303711
0.008232831954956055
0.0072460174560546875
0.008455038070678711
0.010624885559082031
0.008549928665161133
0.007213115692138672
0.007029056549072266
0.007979154586791992
0.007596015930175781
0.00760197639465332
0.008085012435913086
0.00801396369934082
0.0072667598724365234
0.007277965545654297
0.009178876876831055
0.007467985153198242
0.007476091384887695
0.007030010223388672
0.0076558589935302734
0.007646083831787109
0.00846099853515625
0.007333040237426758
0.007169008255004883
0.010759115219116211
0.007445812225341797
0.0075986385345458984
0.008661985397338867
0.008846044540405273
0.007324934005737305
0.007853984832763672
0.008529901504516602
0.0075969696044921875
0.008008003234863281
0.007479190826416016
0.008671998977661133
0.008478879928588867
0.008208751678466797
0.009160280227661133
0.008139848709106445
0.008185148239135742
0.008401870727539062
0.007987260818481445
0.007207155227661133
0.008540153503417969
0.007650852203369141
0.009356975555419922
0.008868932723999023
0.008367061614990234
0.007857322692871094
0.008585214614868164
0.007678985595703125
0.007762908935546875
0.008033037185668945
0.007838010787963867
0.008455991744995117
0.007921934127807617
0.009247779846191406
0.008645057678222656
0.009207010269165039
0.00776982307434082
0.0069658756256103516
0.00815892219543457
0.007838964462280273
0.009001970291137695
0.007494211196899414
0.01019597053527832
0.008214712142944336
0.008293867111206055
0.008017778396606445
0.007889986038208008
0.007480621337890625
0.008008956909179688
0.007669925689697266
0.007233858108520508
0.010027170181274414
0.008291006088256836
0.008020877838134766
0.008986949920654297
0.007904052734375
0.008416891098022461
0.00740814208984375
0.006781101226806641
0.008759021759033203
0.008663177490234375
0.00832986831665039
0.008588790893554688
0.0067789554595947266
0.008369922637939453
0.008615970611572266
0.00723719596862793
0.00761103630065918
0.008659839630126953
0.007918834686279297
0.006891965866088867
0.0071659088134765625
0.008954763412475586
0.007333993911743164
0.006503105163574219
0.008945941925048828
0.007801055908203125
0.008629083633422852
0.009840965270996094
0.007693052291870117
0.00855398178100586
0.007911920547485352
0.007544994354248047
0.007323265075683594
0.006264209747314453
0.0073201656341552734
0.007676124572753906
0.007196903228759766
0.007356166839599609
0.008207082748413086
0.0077800750732421875
0.009202957153320312
0.009372949600219727
0.008138179779052734
0.008768796920776367
0.007842063903808594
0.007400989532470703
0.0075190067291259766
0.0072290897369384766
0.009304046630859375
0.008342742919921875
0.00701904296875
0.006827116012573242
0.007178068161010742
0.010869026184082031
0.009327173233032227
0.008481979370117188
0.007333993911743164
0.009535789489746094
0.008183956146240234
0.007681846618652344
0.007001161575317383
0.010410070419311523
0.007794857025146484
0.008922100067138672
0.0073299407958984375
0.009541988372802734
0.0070340633392333984
0.006960153579711914
0.007239818572998047
0.00756072998046875
0.007224082946777344
0.007677316665649414
0.008605003356933594
0.007843255996704102
0.008877038955688477
0.007318019866943359
0.008497238159179688
0.006684303283691406
0.009045839309692383
0.010786056518554688
0.009618759155273438
0.007506847381591797
0.007467985153198242
0.00892782211303711
0.0069599151611328125
0.010002851486206055
0.007932901382446289
0.00716090202331543
0.008340120315551758
0.014318704605102539
0.007639169692993164
0.009329080581665039
0.007734060287475586
0.008176326751708984
0.007536172866821289
0.008827924728393555
0.008903026580810547
0.007827997207641602
0.009569168090820312
0.007678031921386719
0.007847070693969727
0.007338047027587891
0.007374763488769531
0.007495880126953125
0.007086038589477539
0.008868932723999023
0.007569074630737305
create_account
0.00979304313659668
0.008487939834594727
0.011385679244995117
0.009324073791503906
0.011950016021728516
0.011959075927734375
0.0061609745025634766
0.010487794876098633
0.007745027542114258
0.007502079010009766
0.007439136505126953
0.009296894073486328
0.00850677490234375
0.009645938873291016
0.008643150329589844
0.008661031723022461
0.008769035339355469
0.007993221282958984
0.006977081298828125
0.008247137069702148
0.007700920104980469
0.009446144104003906
0.007561922073364258
0.010050058364868164
0.007571220397949219
0.009858846664428711
0.007271289825439453
0.009635210037231445
0.0074040889739990234
0.007668972015380859
0.008090019226074219
0.010168075561523438
0.009215116500854492
0.014581918716430664
0.008669853210449219
0.007950067520141602
0.009842872619628906
0.007487058639526367
0.00922083854675293
0.011827945709228516
0.010225057601928711
0.012518882751464844
0.007451772689819336
0.007869958877563477
0.017874717712402344
0.007576942443847656
0.007144927978515625
0.012190103530883789
0.007778167724609375
0.007318019866943359
0.009184837341308594
0.008007049560546875
0.0070362091064453125
0.006843090057373047
0.007548809051513672
0.0076520442962646484
0.006762981414794922
0.00722813606262207
0.009552955627441406
0.007615089416503906
0.008105993270874023
0.009865045547485352
0.00760197639465332
0.00789499282836914
0.007899999618530273
0.007860183715820312
0.008072137832641602
0.008814811706542969
0.008692026138305664
0.010120153427124023
0.009413719177246094
0.007216930389404297
0.00846409797668457
0.008145809173583984
0.007354021072387695
0.008237123489379883
0.008235931396484375
0.007630825042724609
0.010762929916381836
0.00887608528137207
0.013014078140258789
0.007695913314819336
0.008211851119995117
0.0074727535247802734
0.006937980651855469
0.008108139038085938
0.008168935775756836
0.009170293807983398
0.007811784744262695
0.008316993713378906
0.006347179412841797
0.008483171463012695
0.009153127670288086
0.008682012557983398
0.0073850154876708984
0.0075490474700927734
0.007311105728149414
0.00982809066772461
0.00680088996887207
0.008777856826782227
0.00818490982055664
0.00991201400756836
0.0077588558197021484
0.007422924041748047
0.0076181888580322266
0.008172750473022461
0.011076927185058594
0.00746917724609375
0.009472131729125977
0.00915217399597168
0.00767207145690918
0.012201070785522461
0.010197639465332031
0.008484840393066406
0.006665229797363281
0.007615089416503906
0.008263826370239258
0.006690025329589844
0.00852513313293457
0.011087894439697266
0.007393598556518555
0.009423017501831055
0.006833076477050781
0.008172035217285156
0.007301807403564453
0.008545160293579102
0.008702993392944336
0.008133888244628906
0.00786733627319336
0.006994962692260742
0.007117033004760742
0.009232282638549805
0.006742000579833984
0.008318901062011719
0.008569955825805664
0.007647991180419922
0.0072269439697265625
0.010762929916381836
0.008002996444702148
0.007258176803588867
0.008507966995239258
0.007060050964355469
0.008304834365844727
0.007709980010986328
0.009856939315795898
0.0077860355377197266
0.007544994354248047
0.006944894790649414
0.006541252136230469
0.006543874740600586
0.008088827133178711
0.008968830108642578
0.008517742156982422
0.007061958312988281
0.007947921752929688
0.008266925811767578
0.007727861404418945
0.0076751708984375
0.00922703742980957
0.008056879043579102
0.007239341735839844
0.0070879459381103516
0.009177684783935547
0.006578207015991211
0.010882139205932617
0.007758140563964844
0.008745908737182617
0.0070149898529052734
0.00838613510131836
0.009273052215576172
0.008555173873901367
0.008356809616088867
0.007985115051269531
0.009422063827514648
0.006959199905395508
0.00870823860168457
0.0062367916107177734
0.00949406623840332
0.008128643035888672
0.007397174835205078
0.013065099716186523
0.008619070053100586
0.0072019100189208984
0.009498834609985352
0.006941080093383789
0.007353067398071289
0.008475065231323242
0.008243083953857422
0.007532835006713867
0.009094953536987305
0.009109020233154297
0.008868932723999023
0.007661104202270508
0.008067131042480469
0.008315801620483398
0.009181022644042969
0.006928205490112305
0.007310152053833008
0.007075071334838867
0.009121179580688477
0.008462190628051758
0.009413003921508789
0.008144855499267578
0.00780797004699707
0.007695674896240234
0.008469820022583008
0.008584022521972656
0.008188962936401367
0.008857250213623047
0.009802818298339844
0.006938934326171875
0.009633064270019531
0.00694584846496582
0.009440898895263672
0.007134199142456055
0.0069620609283447266
0.008510351181030273
0.009105205535888672
0.009293079376220703
0.007068157196044922
0.008213043212890625
0.007296085357666016
0.00966787338256836
0.007230997085571289
0.008266925811767578
0.007685184478759766
0.008737802505493164
0.009218931198120117
0.007538795471191406
0.0074770450592041016
0.009411096572875977
0.008095979690551758
0.0070798397064208984
0.010051727294921875
0.011825799942016602
0.008432865142822266
0.010324954986572266
0.00799703598022461
0.00713801383972168
0.008900165557861328
0.009343147277832031
0.007315158843994141
0.008207082748413086
0.00836801528930664
0.010477066040039062
0.007666110992431641
0.007985115051269531
0.008630037307739258
0.007234096527099609
0.008466005325317383
0.008700847625732422
0.010334014892578125
0.00816202163696289
0.007971048355102539
0.00882101058959961
0.009107828140258789
0.013375997543334961
0.007541179656982422
0.008271217346191406
0.007402181625366211
0.007651090621948242
0.009237051010131836
0.0074079036712646484
0.007904052734375
0.008116006851196289
0.009716987609863281
0.007858037948608398
0.007507801055908203
0.007569789886474609
0.007986068725585938
0.0077838897705078125
0.008867025375366211
0.007870912551879883
0.0067479610443115234
0.012550115585327148
0.008159160614013672
0.008527040481567383
0.007440805435180664
0.007870912551879883
0.00794219970703125
0.008131980895996094
0.0073699951171875
0.008270978927612305
0.007407188415527344
0.0068089962005615234
0.008790731430053711
0.007084846496582031
0.00925588607788086
0.0072519779205322266
0.00728297233581543
0.008473873138427734
0.00804281234741211
0.007368803024291992
0.008145332336425781
0.009090662002563477
0.008821964263916016
0.010258913040161133
0.008147954940795898
0.00910806655883789
0.007228851318359375
0.00754094123840332
0.006354808807373047
0.007019996643066406
0.0076029300689697266
0.00907278060913086
0.00869607925415039
0.007356166839599609
0.012506723403930664
0.00901031494140625
0.008225679397583008
0.007512092590332031
0.00773310661315918
0.007195949554443359
0.008458137512207031
0.008759021759033203
0.007401943206787109
0.008873224258422852
0.010699033737182617
0.013695955276489258
0.010755062103271484
0.011503934860229492
0.006999015808105469
0.008105993270874023
0.0075681209564208984
0.007642984390258789
0.009019851684570312
0.008292913436889648
0.013782024383544922
0.008393049240112305
0.00829005241394043
0.008081912994384766
0.009412050247192383
0.007591962814331055
0.007901906967163086
0.00919485092163086
0.008971929550170898
0.009669065475463867
0.011289119720458984
0.007284879684448242
0.007505893707275391
0.008444786071777344
0.006902217864990234
0.008116960525512695
0.0077669620513916016
0.007057905197143555
0.008728981018066406
0.01036524772644043
0.00851297378540039
0.008046627044677734
0.007050991058349609
0.007531881332397461
0.007700920104980469
0.010650157928466797
0.00804591178894043
0.010670900344848633
0.007397890090942383
0.007909774780273438
0.01065206527709961
0.007907629013061523
0.007082939147949219
0.007512092590332031
0.008343696594238281
0.007592916488647461
0.011045694351196289
0.011246919631958008
0.008547067642211914
0.0066149234771728516
0.008966922760009766
0.010288715362548828
0.007352113723754883
0.007874011993408203
0.009536027908325195
0.007768869400024414
0.008131980895996094
0.009104013442993164
0.007869958877563477
0.008392810821533203
0.006706953048706055
0.009851932525634766
0.009602069854736328
0.008671045303344727
0.007095813751220703
0.007552146911621094
0.0066070556640625
0.007484912872314453
0.007253885269165039
0.008278131484985352
0.007685184478759766
0.006804943084716797
0.006389141082763672
0.010998249053955078
0.011102914810180664
0.0071451663970947266
0.007707118988037109
0.006758928298950195
0.007156848907470703
0.007126808166503906
0.008240938186645508
0.008456230163574219
0.008079767227172852
0.011049270629882812
0.008277654647827148
0.009287118911743164
0.008121728897094727
0.007101774215698242
0.007077217102050781
0.015486001968383789
0.007633209228515625
0.00693202018737793
0.007519960403442383
0.007522106170654297
0.011281967163085938
0.011556863784790039
0.007927179336547852
0.007860898971557617
0.007014036178588867
0.0069272518157958984
0.007711887359619141
0.007313966751098633
0.007803916931152344
0.007115840911865234
0.015176057815551758
0.007195711135864258
0.007062196731567383
0.007921934127807617
0.008018970489501953
0.0074880123138427734
0.007818937301635742
0.008175849914550781
0.009634256362915039
0.007285118103027344
0.009196043014526367
0.008250951766967773
0.007763862609863281
0.008250236511230469
0.008270740509033203
0.008877992630004883
0.007745027542114258
0.007205009460449219
0.007568836212158203
0.0067920684814453125
0.007112026214599609
0.008354902267456055
0.0077822208404541016
0.012389898300170898
0.008153200149536133
0.008764266967773438
0.007094621658325195
0.007073163986206055
0.00824117660522461
0.006876945495605469
0.006546735763549805
0.007166862487792969
0.008533000946044922
0.008723974227905273
0.008128643035888672
0.008183956146240234
0.007942914962768555
0.007342815399169922
0.008800029754638672
0.007177114486694336
0.007996320724487305
0.006887912750244141
0.007375955581665039
0.009042978286743164
0.013341903686523438
0.00869607925415039
0.007925987243652344
0.008599042892456055
0.0076711177825927734
0.00886392593383789
0.008238077163696289
0.009821891784667969
0.011467933654785156
0.007869958877563477
0.013477325439453125
0.007685184478759766
0.008699893951416016
0.007628917694091797
0.0075609683990478516
0.007367849349975586
0.006421804428100586
0.0071408748626708984
0.008237838745117188
0.0074787139892578125
0.008703947067260742
0.0073931217193603516
0.010381221771240234
0.009451866149902344
0.0075418949127197266
0.007813215255737305
0.008047819137573242
0.010117769241333008
0.009475231170654297
0.009382009506225586
0.007039785385131836
0.007220029830932617
0.007735013961791992
0.008177042007446289
0.009517192840576172
deposit_checking
0.008322715759277344
0.009141921997070312
0.00846099853515625
0.009842157363891602
0.008330821990966797
0.010987997055053711
0.021775007247924805
0.008999824523925781
0.012344121932983398
0.008842945098876953
0.008062124252319336
0.008554458618164062
0.008994102478027344
0.008079051971435547
0.0097808837890625
0.009070158004760742
0.00883626937866211
0.020133256912231445
0.008786916732788086
0.010113954544067383
0.009283781051635742
0.008956193923950195
0.007723093032836914
0.008851051330566406
0.009922266006469727
0.00863504409790039
0.008646011352539062
0.010052204132080078
0.010235786437988281
0.008196115493774414
0.008294105529785156
0.013625860214233398
0.009762048721313477
0.009070158004760742
0.010033845901489258
0.008905172348022461
0.010830163955688477
0.009357929229736328
0.011919021606445312
0.008935928344726562
0.010804891586303711
0.009379863739013672
0.00859689712524414
0.009621858596801758
0.008986711502075195
0.008992910385131836
0.008166074752807617
0.009216070175170898
0.007976770401000977
0.00877070426940918
0.00859975814819336
0.008738994598388672
0.0081939697265625
0.008291959762573242
0.009651899337768555
0.008675098419189453
0.009405851364135742
0.008543014526367188
0.011380195617675781
0.01028895378112793
0.010313034057617188
0.010759830474853516
0.008998870849609375
0.00949406623840332
0.007065773010253906
0.0077610015869140625
0.012459039688110352
0.007896184921264648
0.009279012680053711
0.00846719741821289
0.010094881057739258
0.008733272552490234
0.007501125335693359
0.00863504409790039
0.00968790054321289
0.008154869079589844
0.010920047760009766
0.009796857833862305
0.008825063705444336
0.011296987533569336
0.007706880569458008
0.007688999176025391
0.00840902328491211
0.010478734970092773
0.008578062057495117
0.010560035705566406
0.013329029083251953
0.008491039276123047
0.009351015090942383
0.01114511489868164
0.01308584213256836
0.013715028762817383
0.008085012435913086
0.03881192207336426
0.01415705680847168
0.009589910507202148
0.00959014892578125
0.007676839828491211
0.009877920150756836
0.008224964141845703
0.008459091186523438
0.008125066757202148
0.008471965789794922
0.008909225463867188
0.012396097183227539
0.008223772048950195
0.011314153671264648
0.009032964706420898
0.009276151657104492
0.007391929626464844
0.009990930557250977
0.00793600082397461
0.008266925811767578
0.010650873184204102
0.01000213623046875
0.008700847625732422
0.010134696960449219
0.008240222930908203
0.009505987167358398
0.008778095245361328
0.009763002395629883
0.008875846862792969
0.008549213409423828
0.009447097778320312
0.010679006576538086
0.009446859359741211
0.010506153106689453
0.009185075759887695
0.014050960540771484
0.008131980895996094
0.00822901725769043
0.008717775344848633
0.008214950561523438
0.011941909790039062
0.009400129318237305
0.009613037109375
0.008850336074829102
0.008318185806274414
0.008481025695800781
0.008571863174438477
0.00846719741821289
0.009572982788085938
0.008926868438720703
0.009696006774902344
0.01565694808959961
0.012876033782958984
0.009699106216430664
0.009421825408935547
0.011645078659057617
0.010171890258789062
0.008747100830078125
0.009205818176269531
0.008730888366699219
0.009654998779296875
0.013952016830444336
0.009046077728271484
0.009427070617675781
0.00821995735168457
0.008805990219116211
0.009020328521728516
0.008934974670410156
0.009652853012084961
0.00966787338256836
0.010892868041992188
0.010354995727539062
0.01166391372680664
0.008434295654296875
0.010590076446533203
0.007915019989013672
0.007441997528076172
0.010838031768798828
0.010247230529785156
0.008687734603881836
0.01127004623413086
0.009851932525634766
0.011166095733642578
0.010365009307861328
0.008303642272949219
0.008892059326171875
0.00865316390991211
0.009224891662597656
0.009981155395507812
0.008825063705444336
0.009701251983642578
0.007827043533325195
0.009395837783813477
0.008450984954833984
0.00860905647277832
0.008449792861938477
0.009012222290039062
0.008419036865234375
0.008136749267578125
0.008692026138305664
0.009007930755615234
0.00964498519897461
0.00807809829711914
0.01691412925720215
0.008864164352416992
0.00980687141418457
0.00786900520324707
0.007910966873168945
0.00898885726928711
0.00830221176147461
0.00776219367980957
0.009942054748535156
0.009207963943481445
0.00881814956665039
0.010512113571166992
0.008265018463134766
0.008662700653076172
0.008572101593017578
0.008044004440307617
0.00799417495727539
0.007936954498291016
0.009792089462280273
0.009939908981323242
0.008257150650024414
0.009328126907348633
0.00997471809387207
0.008633136749267578
0.008734941482543945
0.007415056228637695
0.007927179336547852
0.008878946304321289
0.008656978607177734
0.007776975631713867
0.009221792221069336
0.00913691520690918
0.008536815643310547
0.01291799545288086
0.0076868534088134766
0.008252859115600586
0.010359048843383789
0.010326147079467773
0.007400035858154297
0.008455038070678711
0.00874638557434082
0.008537054061889648
0.008801698684692383
0.009299755096435547
0.009736061096191406
0.009766340255737305
0.008796930313110352
0.007413148880004883
0.009020805358886719
0.007889986038208008
0.008569955825805664
0.009083986282348633
0.009451150894165039
0.01061701774597168
0.009696006774902344
0.009855985641479492
0.008401870727539062
0.00811910629272461
0.009821891784667969
0.007030010223388672
0.00797724723815918
0.010309934616088867
0.011243104934692383
0.010334968566894531
0.010065317153930664
0.00837087631225586
0.007848024368286133
0.010157108306884766
0.009701967239379883
0.00877690315246582
0.009252071380615234
0.009617090225219727
0.009516000747680664
0.009222984313964844
0.008659124374389648
0.011450052261352539
0.007527828216552734
0.008514881134033203
0.00789499282836914
0.007769107818603516
0.009135723114013672
0.008353948593139648
0.008708953857421875
0.009929180145263672
0.010004997253417969
0.00795888900756836
0.010063886642456055
0.009729146957397461
0.01028895378112793
0.009137868881225586
0.011846303939819336
0.008697032928466797
0.009285926818847656
0.010122060775756836
0.011578798294067383
0.008384943008422852
0.008985757827758789
0.008706092834472656
0.008216142654418945
0.010513067245483398
0.01000070571899414
0.009886026382446289
0.01178598403930664
0.010755062103271484
0.010850191116333008
0.008172988891601562
0.008224010467529297
0.009305000305175781
0.009940862655639648
0.008754968643188477
0.010766983032226562
0.008374929428100586
0.00921487808227539
0.009984970092773438
0.008586883544921875
0.009917974472045898
0.008931159973144531
0.009129047393798828
0.009964227676391602
0.01079702377319336
0.00949716567993164
0.008821964263916016
0.00899195671081543
0.010460853576660156
0.009415864944458008
0.009533882141113281
0.007630109786987305
0.010972976684570312
0.00849604606628418
0.010775089263916016
0.009307146072387695
0.009260177612304688
0.01171112060546875
0.009116888046264648
0.009396076202392578
0.01042318344116211
0.00857686996459961
0.011315107345581055
0.007749795913696289
0.010030031204223633
0.02101898193359375
0.008474111557006836
0.010856151580810547
0.011598825454711914
0.009511947631835938
0.011330842971801758
0.01381683349609375
0.00813603401184082
0.009167671203613281
0.007845163345336914
0.009022951126098633
0.00832509994506836
0.00842905044555664
0.007218837738037109
0.010330915451049805
0.00910806655883789
0.009976863861083984
0.00861215591430664
0.010909080505371094
0.009940862655639648
0.0077860355377197266
0.008578062057495117
0.009049177169799805
0.010435104370117188
0.009519100189208984
0.009345054626464844
0.008692026138305664
0.009602069854736328
0.009569168090820312
0.008678913116455078
0.009743928909301758
0.008684158325195312
0.008502960205078125
0.00943899154663086
0.011152982711791992
0.00852513313293457
0.008369922637939453
0.009099960327148438
0.011635303497314453
0.00919795036315918
0.00828409194946289
0.00863504409790039
0.008613109588623047
0.008157014846801758
0.008882999420166016
0.009282112121582031
0.011081933975219727
0.009401798248291016
0.019239187240600586
0.012635946273803711
0.011590242385864258
0.00997018814086914
0.010094881057739258
0.007756710052490234
0.013484001159667969
0.008318901062011719
0.009669065475463867
0.009252071380615234
0.01098322868347168
0.008221864700317383
0.010029077529907227
0.008475065231323242
0.009244203567504883
0.008217096328735352
0.01183319091796875
0.009030818939208984
0.008366823196411133
0.00830388069152832
0.008519887924194336
0.009380102157592773
0.008307933807373047
0.009339094161987305
0.008092880249023438
0.009499788284301758
0.007800102233886719
0.013278961181640625
0.009310007095336914
0.007981061935424805
0.009219884872436523
0.008819103240966797
0.008485078811645508
0.008582115173339844
0.008088111877441406
0.011387348175048828
0.0090179443359375
0.007013082504272461
0.009451150894165039
0.00824880599975586
0.009955883026123047
0.008877992630004883
0.007350921630859375
0.009446859359741211
0.008774995803833008
0.010502815246582031
0.009021997451782227
0.009963035583496094
0.008495092391967773
0.014215946197509766
0.010392904281616211
0.009186744689941406
0.008861064910888672
0.008686065673828125
0.007867813110351562
0.00916290283203125
0.009940862655639648
0.010255813598632812
0.008591890335083008
0.009716987609863281
0.013321876525878906
0.009997129440307617
0.009462118148803711
0.010077953338623047
0.010193109512329102
0.008841991424560547
0.008432865142822266
0.00990605354309082
0.008205175399780273
0.009575128555297852
0.010179758071899414
0.009193897247314453
0.008626937866210938
0.010279178619384766
0.007519960403442383
0.008636951446533203
0.007820844650268555
0.00825810432434082
0.008098125457763672
0.012237071990966797
0.008218050003051758
0.009150981903076172
0.009398698806762695
0.00934910774230957
0.009732961654663086
0.011175870895385742
0.008244991302490234
0.00824880599975586
0.009620904922485352
0.00948190689086914
0.01759195327758789
0.00937199592590332
0.013177156448364258
0.007882118225097656
0.009177207946777344
0.008628368377685547
0.009076118469238281
0.011546134948730469
0.009471893310546875
0.008522987365722656
0.008327007293701172
0.010255098342895508
0.008748054504394531
0.01045989990234375
0.010799169540405273
0.007952690124511719
0.007966041564941406
0.009691953659057617
0.009015083312988281
0.009975194931030273
0.008743762969970703
0.008333683013916016
0.010408878326416016
0.008368968963623047
0.009561777114868164
0.009046077728271484
send_payment
0.006224155426025391
0.007822751998901367
0.009106874465942383
0.0075871944427490234
0.0060689449310302734
0.008647918701171875
0.007031917572021484
0.007160186767578125
0.0077130794525146484
0.006882190704345703
0.007539033889770508
0.007148027420043945
0.006645917892456055
0.007042884826660156
0.007249355316162109
0.007074117660522461
0.008285760879516602
0.00990915298461914
0.0092620849609375
0.007965087890625
0.008635997772216797
0.006324052810668945
0.0066890716552734375
0.00681304931640625
0.007009029388427734
0.007822036743164062
0.0075168609619140625
0.007075071334838867
0.007102251052856445
0.00775909423828125
0.009838104248046875
0.010126829147338867
0.006124019622802734
0.009682893753051758
0.007414817810058594
0.010507822036743164
0.007831096649169922
0.007254838943481445
0.007322072982788086
0.008918046951293945
0.007452964782714844
0.00757908821105957
0.007589817047119141
0.008190155029296875
0.008483171463012695
0.006324291229248047
0.006965160369873047
0.006777048110961914
0.00675201416015625
0.006868839263916016
0.012210845947265625
0.007925033569335938
0.006083011627197266
0.0065460205078125
0.006783008575439453
0.008219242095947266
0.0075969696044921875
0.007103919982910156
0.007498025894165039
0.008900165557861328
0.006823301315307617
0.008957862854003906
0.007899045944213867
0.007140159606933594
0.006329774856567383
0.008033990859985352
0.006903886795043945
0.006203889846801758
0.006577968597412109
0.006891965866088867
0.008687734603881836
0.006738901138305664
0.006911039352416992
0.007464170455932617
0.007892131805419922
0.007205963134765625
0.007425069808959961
0.007780790328979492
0.007277727127075195
0.007311820983886719
0.006853818893432617
0.006148815155029297
0.0078029632568359375
0.007628679275512695
0.00851893424987793
0.008493185043334961
0.010442972183227539
0.0068111419677734375
0.006631374359130859
0.00804281234741211
0.007258176803588867
0.009857892990112305
0.007753133773803711
0.006124258041381836
0.006480693817138672
0.007384061813354492
0.006909847259521484
0.006627082824707031
0.0061991214752197266
0.008466005325317383
0.0065920352935791016
0.008049964904785156
0.010625839233398438
0.007257223129272461
0.0065119266510009766
0.007179975509643555
0.006783962249755859
0.00718998908996582
0.006567239761352539
0.007946014404296875
0.007414102554321289
0.006605863571166992
0.007094860076904297
0.006455183029174805
0.007863998413085938
0.006632089614868164
0.007255077362060547
0.007692098617553711
0.005968809127807617
0.006047964096069336
0.00848698616027832
0.006791114807128906
0.008616924285888672
0.006498098373413086
0.007353305816650391
0.006407260894775391
0.006073951721191406
0.006660938262939453
0.007175922393798828
0.007302045822143555
0.006724834442138672
0.006921052932739258
0.00693202018737793
0.010055065155029297
0.007390022277832031
0.007359981536865234
0.008831024169921875
0.007849931716918945
0.007301807403564453
0.008707046508789062
0.009259223937988281
0.007122993469238281
0.008082866668701172
0.006343841552734375
0.009453773498535156
0.0075609683990478516
0.007983207702636719
0.0069599151611328125
0.008331775665283203
0.0067408084869384766
0.007971048355102539
0.006939888000488281
0.00789022445678711
0.007657766342163086
0.0074079036712646484
0.007411956787109375
0.008404016494750977
0.009053230285644531
0.00811314582824707
0.006976127624511719
0.006819248199462891
0.007661104202270508
0.007143974304199219
0.010270833969116211
0.007595062255859375
0.007058143615722656
0.007857799530029297
0.008697032928466797
0.00716090202331543
0.007112026214599609
0.007194995880126953
0.006527900695800781
0.00855708122253418
0.008098840713500977
0.0065958499908447266
0.007347822189331055
0.007636308670043945
0.006211996078491211
0.009109020233154297
0.008299827575683594
0.007411003112792969
0.007343769073486328
0.007197141647338867
0.007740020751953125
0.008371829986572266
0.006509065628051758
0.007339954376220703
0.006685972213745117
0.006842136383056641
0.006490945816040039
0.007899999618530273
0.00749516487121582
0.0066568851470947266
0.008522987365722656
0.006805896759033203
0.007296085357666016
0.006911039352416992
0.00742793083190918
0.008714914321899414
0.00777888298034668
0.008966922760009766
0.006733894348144531
0.006518125534057617
0.008735895156860352
0.007277965545654297
0.008355140686035156
0.008466720581054688
0.0070230960845947266
0.007566690444946289
0.008658170700073242
0.010008096694946289
0.010436773300170898
0.006657123565673828
0.006886959075927734
0.020627975463867188
0.008095264434814453
0.0071523189544677734
0.007124900817871094
0.008866071701049805
0.0071370601654052734
0.0067691802978515625
0.006804943084716797
0.00651860237121582
0.005877017974853516
0.006632804870605469
0.0064258575439453125
0.007049083709716797
0.008028030395507812
0.0078029632568359375
0.006828784942626953
0.0063440799713134766
0.009614706039428711
0.006706953048706055
0.013630867004394531
0.00794219970703125
0.006824970245361328
0.007841110229492188
0.0065877437591552734
0.009254932403564453
0.0070378780364990234
0.007445812225341797
0.006571054458618164
0.007329225540161133
0.007994890213012695
0.011962175369262695
0.01626420021057129
0.007386922836303711
0.007640838623046875
0.009292840957641602
0.0071620941162109375
0.007158994674682617
0.007346153259277344
0.006602048873901367
0.0067882537841796875
0.009046792984008789
0.010834932327270508
0.008701086044311523
0.007442951202392578
0.007093191146850586
0.007750272750854492
0.007999897003173828
0.006974935531616211
0.008050203323364258
0.008107900619506836
0.007121086120605469
0.008051872253417969
0.006990194320678711
0.007106781005859375
0.00700688362121582
0.007879257202148438
0.006696224212646484
0.007121086120605469
0.007009983062744141
0.008919954299926758
0.007108211517333984
0.009445905685424805
0.009628057479858398
0.006639957427978516
0.007207155227661133
0.007959127426147461
0.006798744201660156
0.0069310665130615234
0.0068721771240234375
0.008661985397338867
0.006582021713256836
0.006312370300292969
0.008017301559448242
0.006108999252319336
0.008121252059936523
0.0069348812103271484
0.0065190792083740234
0.00690913200378418
0.007763862609863281
0.006873130798339844
0.006374835968017578
0.0067958831787109375
0.008623123168945312
0.014616966247558594
0.00688624382019043
0.009795188903808594
0.006949186325073242
0.0076389312744140625
0.0070650577545166016
0.007835149765014648
0.006979703903198242
0.006902933120727539
0.008719921112060547
0.007899999618530273
0.007254838943481445
0.0076198577880859375
0.008024930953979492
0.012507200241088867
0.0069580078125
0.007033109664916992
0.007409811019897461
0.0070667266845703125
0.006595134735107422
0.00820779800415039
0.007569074630737305
0.006887912750244141
0.006699085235595703
0.007017850875854492
0.0074307918548583984
0.00707697868347168
0.007142782211303711
0.007220029830932617
0.008257865905761719
0.010300874710083008
0.009435892105102539
0.006600856781005859
0.008613109588623047
0.007863998413085938
0.007411003112792969
0.007234096527099609
0.006681919097900391
0.006607770919799805
0.013701915740966797
0.008033990859985352
0.0066070556640625
0.006604909896850586
0.007218837738037109
0.005805015563964844
0.007491111755371094
0.007482290267944336
0.009274005889892578
0.008063077926635742
0.006891965866088867
0.00685882568359375
0.008840084075927734
0.0068438053131103516
0.010530948638916016
0.009203910827636719
0.011140108108520508
0.007318019866943359
0.006822109222412109
0.0063381195068359375
0.009443044662475586
0.006803035736083984
0.00755000114440918
0.007539987564086914
0.008471012115478516
0.0065152645111083984
0.007915019989013672
0.007277727127075195
0.006691932678222656
0.0064067840576171875
0.007898092269897461
0.008768081665039062
0.007565021514892578
0.008278131484985352
0.01617908477783203
0.00752711296081543
0.006695985794067383
0.007134914398193359
0.006916999816894531
0.007096767425537109
0.00869607925415039
0.00938105583190918
0.007893085479736328
0.007353067398071289
0.007145881652832031
0.0070803165435791016
0.009705781936645508
0.0064961910247802734
0.0063381195068359375
0.007133960723876953
0.007581949234008789
0.0066068172454833984
0.010188817977905273
0.007298946380615234
0.006601810455322266
0.009057998657226562
0.009837865829467773
0.008593082427978516
0.009010076522827148
0.006556034088134766
0.007575035095214844
0.0068759918212890625
0.0072460174560546875
0.007239103317260742
0.006348133087158203
0.0059719085693359375
0.007925987243652344
0.00707697868347168
0.008317947387695312
0.009505987167358398
0.007783174514770508
0.008336067199707031
0.007452249526977539
0.007832050323486328
0.010307073593139648
0.005917072296142578
0.006249189376831055
0.010414838790893555
0.01439809799194336
0.009518146514892578
0.00736689567565918
0.007707118988037109
0.0072710514068603516
0.007877826690673828
0.007241964340209961
0.007845878601074219
0.007988929748535156
0.007919788360595703
0.007751941680908203
0.008050203323364258
0.007285118103027344
0.006868124008178711
0.008311986923217773
0.007232189178466797
0.007520914077758789
0.006842851638793945
0.006942033767700195
0.007908105850219727
0.007695913314819336
0.009235858917236328
0.008835077285766602
0.007125139236450195
0.00950312614440918
0.006573915481567383
0.00699925422668457
0.007612943649291992
0.009617090225219727
0.0065097808837890625
0.007237911224365234
0.006894111633300781
0.009914159774780273
0.008079767227172852
0.008703947067260742
0.006330966949462891
0.007449150085449219
0.007027864456176758
0.00716400146484375
0.00689697265625
0.009011030197143555
0.009161949157714844
0.007316112518310547
0.00683283805847168
0.008384943008422852
0.006732940673828125
0.006979703903198242
0.006695270538330078
0.00715184211730957
0.0066111087799072266
0.006329059600830078
0.0069811344146728516
0.008116006851196289
0.0074710845947265625
0.006989955902099609
0.0072939395904541016
0.008042097091674805
0.0075740814208984375
0.007379293441772461
0.007313966751098633
0.008537054061889648
0.007027864456176758
0.008213996887207031
0.008270025253295898
0.009052276611328125
0.008668184280395508
0.006643056869506836
0.007394075393676758
0.006767988204956055
0.008315086364746094
0.006104230880737305
0.008188962936401367
0.00831913948059082
0.0066869258880615234
0.009130001068115234
0.006964921951293945
0.006578922271728516
0.006492137908935547
0.007060050964355469
0.006478071212768555
0.006677150726318359
0.0076253414154052734
0.007522106170654297
0.008589982986450195
0.006213188171386719
0.0067141056060791016
invoke-query
0.06525707244873047
peer1.org1.example.com, queryy
0.009936809539794922
0.01235508918762207
0.009648799896240234
0.027962923049926758
0.009665250778198242
0.010561943054199219
0.00806879997253418
0.010913848876953125
0.0126800537109375
0.009505033493041992
0.008744001388549805
0.04534101486206055
0.05608105659484863
0.07169198989868164
0.05667877197265625
0.011287927627563477
0.013730049133300781
0.05778312683105469
0.011542081832885742
0.015402793884277344
0.007328987121582031
0.01197504997253418
0.007421255111694336
0.009602069854736328
0.008588075637817383
0.008598089218139648
0.060971975326538086
0.00768733024597168
0.017327070236206055
0.011445045471191406
0.049829959869384766
0.06014418601989746
0.009367704391479492
0.0076029300689697266
0.05974769592285156
0.0458066463470459
0.012679100036621094
0.007523059844970703
0.0075681209564208984
0.007761240005493164
0.021604061126708984
0.009536027908325195
0.020433902740478516
0.06518316268920898
0.059255123138427734
0.011441946029663086
0.0075490474700927734
0.00853586196899414
0.008265018463134766
0.008239030838012695
0.08750319480895996
0.06981801986694336
0.00746917724609375
0.08252787590026855
0.05884194374084473
0.061676979064941406
0.07118487358093262
0.0568089485168457
0.06421899795532227
0.06621098518371582
0.010160207748413086
0.011954069137573242
0.006409883499145508
0.014998674392700195
0.008959054946899414
0.03769803047180176
0.007853031158447266
0.03488302230834961
0.007370948791503906
0.034520864486694336
0.06845211982727051
0.052191972732543945
0.056784868240356445
0.013724088668823242
0.013363122940063477
0.008125066757202148
0.05804705619812012
0.008608102798461914
0.07073020935058594
0.06178879737854004
0.05898022651672363
0.009485960006713867
0.0267031192779541
0.06254887580871582
0.01035308837890625
0.03161191940307617
0.011309146881103516
0.028144121170043945
0.009155035018920898
0.008835077285766602
0.05461883544921875
0.05712080001831055
0.00950002670288086
0.010640859603881836
0.05811810493469238
0.010052204132080078
0.028303146362304688
0.060333967208862305
0.05816912651062012
0.07245016098022461
0.06029510498046875
0.0083770751953125
0.008335113525390625
0.0388951301574707
0.06183195114135742
0.07004475593566895
0.007831096649169922
0.03661322593688965
0.007761716842651367
0.008264780044555664
0.034986019134521484
0.06904816627502441
0.06049013137817383
0.008240222930908203
0.012475728988647461
0.010465145111083984
0.031617164611816406
0.059996843338012695
0.008125066757202148
0.012121915817260742
0.008537054061889648
0.008178949356079102
0.008415937423706055
0.009615182876586914
0.007808208465576172
0.009079933166503906
0.008324146270751953
0.008455038070678711
0.06439495086669922
0.01166987419128418
0.08354902267456055
0.009922266006469727
0.007566928863525391
0.022372961044311523
0.007312774658203125
0.009096145629882812
0.06839323043823242
0.010347127914428711
0.011310100555419922
0.008749723434448242
0.014660120010375977
0.008340120315551758
0.012399911880493164
0.07011604309082031
0.008774757385253906
0.010837793350219727
0.008572816848754883
0.01635289192199707
0.00829005241394043
0.03005385398864746
0.009144067764282227
0.08486604690551758
0.008289813995361328
0.03070807456970215
0.008855104446411133
0.018065929412841797
0.008107185363769531
0.018349885940551758
0.006912946701049805
0.020580053329467773
0.06662702560424805
0.007958173751831055
0.02016425132751465
0.07422590255737305
0.08621907234191895
0.05537772178649902
0.008651018142700195
0.07824993133544922
0.008782148361206055
0.007790088653564453
0.031725168228149414
0.009148836135864258
0.01030278205871582
0.008790016174316406
0.01023721694946289
0.008144140243530273
0.023038148880004883
0.008087158203125
0.026331186294555664
0.0068171024322509766
0.01661372184753418
0.006574869155883789
0.009234905242919922
0.040273189544677734
0.012341976165771484
0.01110076904296875
0.013572216033935547
0.008623123168945312
0.012169122695922852
0.015729904174804688
0.007925033569335938
0.011308908462524414
0.04454779624938965
0.06510591506958008
0.011681795120239258
0.007750272750854492
0.008867979049682617
0.0514678955078125
0.0623018741607666
0.009897947311401367
0.03348183631896973
0.05461287498474121
0.010805845260620117
0.012199878692626953
0.0661780834197998
0.0622868537902832
0.0076181888580322266
0.03091907501220703
0.011781930923461914
0.010365962982177734
0.19510293006896973
0.009995222091674805
0.01833796501159668
0.0101470947265625
0.024239063262939453
0.0624699592590332
0.011095046997070312
0.01347804069519043
0.0651390552520752
0.0637979507446289
0.010746955871582031
0.012012004852294922
0.00832986831665039
0.012614250183105469
0.009201288223266602
0.008349895477294922
0.03058481216430664
0.011443138122558594
0.012181997299194336
0.014628171920776367
0.016069889068603516
0.05919790267944336
0.007406711578369141
0.016978979110717773
0.07361793518066406
0.060692787170410156
0.011669158935546875
0.022343158721923828
0.010057926177978516
0.009734869003295898
0.18684887886047363
0.06135916709899902
0.009259939193725586
0.022838115692138672
0.010623931884765625
0.012968063354492188
0.07136297225952148
0.054049015045166016
0.06107687950134277
0.06470775604248047
0.053243160247802734
0.007398366928100586
0.028081893920898438
0.06335926055908203
0.011337995529174805
0.02191305160522461
0.009617805480957031
0.022061824798583984
0.007234811782836914
0.012666940689086914
0.008255958557128906
0.009329795837402344
0.06338214874267578
0.059111833572387695
0.009096860885620117
0.011343240737915039
0.010567903518676758
0.008289098739624023
0.007098197937011719
0.00732421875
0.02495598793029785
0.06307196617126465
0.007222890853881836
0.0070040225982666016
0.007688045501708984
0.008906126022338867
0.08146786689758301
0.0636758804321289
0.010514020919799805
0.013187170028686523
0.051358938217163086
0.06400394439697266
0.056884050369262695
0.06876993179321289
0.011395692825317383
0.016731977462768555
0.008531332015991211
0.02273726463317871
0.06817388534545898
0.010017871856689453
0.014168024063110352
0.01178431510925293
0.023634910583496094
0.07300305366516113
0.009650945663452148
0.007929801940917969
0.009253263473510742
0.008620977401733398
0.007762908935546875
0.009012937545776367
0.02643585205078125
0.06427597999572754
0.013432979583740234
0.04320812225341797
0.009391069412231445
0.07887601852416992
0.06054091453552246
0.007959127426147461
0.031511783599853516
0.0643310546875
0.09908890724182129
0.009676218032836914
0.01026606559753418
0.008660078048706055
0.012095928192138672
0.010804891586303711
0.05442380905151367
0.06316208839416504
0.007668018341064453
0.014114141464233398
0.04877614974975586
0.0610051155090332
0.00873708724975586
0.015769004821777344
0.00908803939819336
0.022087812423706055
0.010483026504516602
0.0071947574615478516
0.008207082748413086
0.047360897064208984
0.05694389343261719
0.06734013557434082
0.007216930389404297
0.007837295532226562
0.008352994918823242
0.04660296440124512
0.05572390556335449
0.008940935134887695
0.05472922325134277
0.06672501564025879
0.00824284553527832
0.011880874633789062
0.04277825355529785
0.008677959442138672
0.031976938247680664
0.0071849822998046875
0.03081989288330078
0.06173396110534668
0.008394002914428711
0.016677141189575195
0.010333776473999023
0.00822305679321289
0.010441064834594727
0.010055780410766602
0.00861501693725586
0.05189394950866699
0.06505203247070312
0.059246063232421875
0.007742166519165039
0.010120868682861328
0.07489418983459473
0.0084228515625
0.013155937194824219
0.06204390525817871
0.07010722160339355
0.057369232177734375
0.06447005271911621
0.06113409996032715
0.008666038513183594
0.021099090576171875
0.015121936798095703
0.044998884201049805
0.06751894950866699
0.052272796630859375
0.008254051208496094
0.03807210922241211
0.010766983032226562
0.010001182556152344
0.05838894844055176
0.060781002044677734
0.008756160736083984
0.01460409164428711
0.00789499282836914
0.01639723777770996
0.07078385353088379
0.05834794044494629
0.08125972747802734
0.05180001258850098
0.007737159729003906
0.02131485939025879
0.0669410228729248
0.011908769607543945
0.010551691055297852
0.05053400993347168
0.010041952133178711
0.0158388614654541
0.008198261260986328
0.03744101524353027
0.053201913833618164
0.008546829223632812
0.02169203758239746
0.009119033813476562
0.017142057418823242
0.07242989540100098
0.012566089630126953
0.012963056564331055
0.00941014289855957
0.022007226943969727
0.06674528121948242
0.010165929794311523
0.009638071060180664
0.04436206817626953
0.008714914321899414
0.017958879470825195
0.010563135147094727
0.010026931762695312
0.04108691215515137
0.06875085830688477
0.05751204490661621
0.008071184158325195
0.00953221321105957
0.04365372657775879
0.008829832077026367
0.03696894645690918
0.010452985763549805
0.01606297492980957
0.06820797920227051
0.0607151985168457
0.008329153060913086
0.010541915893554688
0.07171010971069336
0.06518816947937012
0.009103775024414062
0.008968353271484375
0.010521173477172852
0.008243799209594727
0.007800102233886719
0.009071111679077148
0.046807050704956055
0.009186029434204102
0.019385814666748047
0.00677800178527832
0.030546903610229492
0.006847858428955078
0.01019597053527832
0.0727090835571289
0.06549930572509766
0.010324954986572266
0.016638994216918945
0.008598089218139648
0.010935068130493164
0.04488492012023926
0.008826017379760742
0.18903684616088867
0.009678125381469727
0.01895308494567871
0.06388497352600098
0.013031959533691406
0.007947921752929688
0.014570951461791992
0.007600069046020508
0.0269320011138916
0.008698225021362305
0.031907081604003906
0.06754803657531738
0.010447025299072266
0.00716710090637207
0.07008075714111328
0.00728607177734375
0.011760234832763672
0.07208108901977539
0.011255025863647461
0.0452117919921875
0.008344173431396484
0.04125475883483887
0.007559776306152344
0.010571002960205078
0.010022878646850586
0.016752958297729492
0.04585909843444824
0.0069561004638671875
0.021261215209960938
0.0075740814208984375
0.19259190559387207
0.007482051849365234
0.015185832977294922
0.06552815437316895
0.06459212303161621
0.00746917724609375
0.012732982635498047
0.010180950164794922
0.015590906143188477
0.008571863174438477
0.019980192184448242
0.010797977447509766
0.026440858840942383
0.008007049560546875
0.008553028106689453
0.0075151920318603516
0.04326987266540527
create_account
0.058547019958496094
0.00847625732421875
0.007721900939941406
0.0784449577331543
0.06376123428344727
0.009082317352294922
0.007795810699462891
0.013190984725952148
0.0648188591003418
0.010862112045288086
0.008841991424560547
0.08646512031555176
0.060292959213256836
0.008696794509887695
0.009560108184814453
0.05845499038696289
0.007491111755371094
0.01714301109313965
0.009576797485351562
0.011424064636230469
0.008252859115600586
0.008442163467407227
0.007848978042602539
0.031455039978027344
0.05541205406188965
0.010564088821411133
0.0688931941986084
0.0781409740447998
0.008471012115478516
0.01047205924987793
0.011728763580322266
0.0318603515625
0.06858611106872559
0.0069732666015625
0.011887788772583008
0.008024215698242188
0.008272886276245117
0.04894900321960449
0.009057998657226562
0.020815134048461914
0.006797075271606445
0.00921487808227539
0.008838891983032227
0.013509988784790039
0.0565791130065918
0.009420156478881836
0.01818394660949707
0.00980377197265625
0.012441158294677734
0.09026694297790527
0.00980997085571289
0.01719212532043457
0.010248899459838867
0.04778480529785156
0.05682110786437988
0.008933782577514648
0.010759830474853516
0.009877920150756836
0.010298967361450195
0.04698801040649414
0.008088111877441406
0.019868135452270508
0.007825851440429688
0.01174616813659668
0.04255795478820801
0.0108642578125
0.012245893478393555
0.047164201736450195
0.009064197540283203
0.0336461067199707
0.007096052169799805
0.007885932922363281
0.008187294006347656
0.008092880249023438
0.007963895797729492
0.007363080978393555
0.04526710510253906
0.07047224044799805
0.008686065673828125
0.012082815170288086
0.008160114288330078
0.01073002815246582
0.00914311408996582
0.029772043228149414
0.010582923889160156
0.06207275390625
0.008894920349121094
0.009979248046875
0.0076711177825927734
0.022160768508911133
0.01021718978881836
0.08506298065185547
0.008059024810791016
0.011765003204345703
0.009499788284301758
0.02571702003479004
0.006212949752807617
0.007227897644042969
0.009760856628417969
0.0075168609619140625
0.006852865219116211
0.008723974227905273
0.008079051971435547
0.00911402702331543
0.009146928787231445
0.05801582336425781
0.0676720142364502
0.007812023162841797
0.0170438289642334
0.06519198417663574
0.008723974227905273
0.027449846267700195
0.008685111999511719
0.020453929901123047
0.06270599365234375
0.059060096740722656
0.007629871368408203
0.033599853515625
0.06949591636657715
0.06636595726013184
0.0077972412109375
0.016534090042114258
0.07352709770202637
0.06656789779663086
0.062129974365234375
0.007644176483154297
0.015403985977172852
0.07369589805603027
0.05996990203857422
0.007953166961669922
0.017979860305786133
0.009284019470214844
0.02091813087463379
0.007693052291870117
0.007559061050415039
0.00757288932800293
0.05236482620239258
0.011131763458251953
0.014611959457397461
0.008169889450073242
0.0272829532623291
0.07118582725524902
0.009068965911865234
0.012675285339355469
0.06976509094238281
0.007111072540283203
0.007875919342041016
0.008786916732788086
0.04758715629577637
0.007821798324584961
0.0075609683990478516
0.0670320987701416
0.00727391242980957
0.018019676208496094
0.010359764099121094
0.08344507217407227
0.00820302963256836
0.010882139205932617
0.0795888900756836
0.06307792663574219
0.05272817611694336
0.006780147552490234
0.011189937591552734
0.008723974227905273
0.028284788131713867
0.06527400016784668
0.0710291862487793
0.009175777435302734
0.013448238372802734
0.009063243865966797
0.013957738876342773
0.007317066192626953
0.009670019149780273
0.007683992385864258
0.01861095428466797
0.06448507308959961
0.008342742919921875
0.01679396629333496
0.060829877853393555
0.007475137710571289
0.019201040267944336
0.059213876724243164
0.01041102409362793
0.01291203498840332
0.010001897811889648
0.14647889137268066
0.007816076278686523
0.08404016494750977
0.010725975036621094
0.0287172794342041
0.007999897003173828
0.011198997497558594
0.0654447078704834
0.007795810699462891
0.04375720024108887
0.0993039608001709
0.06482386589050293
0.06897616386413574
0.00859379768371582
0.009817123413085938
0.01050114631652832
0.01219797134399414
0.05567002296447754
0.06177806854248047
0.06715178489685059
0.054534912109375
0.008997201919555664
0.02662491798400879
0.05809473991394043
0.009525060653686523
0.01139378547668457
0.05513310432434082
0.008334159851074219
0.024239778518676758
0.011007070541381836
0.010462760925292969
0.010302305221557617
0.03981494903564453
0.059067726135253906
0.06244301795959473
0.009521961212158203
0.013263702392578125
0.05421710014343262
0.007428884506225586
0.01125788688659668
0.15335488319396973
0.009557008743286133
0.015434980392456055
0.06506800651550293
0.009141206741333008
0.032531023025512695
0.058541059494018555
0.06473922729492188
0.008822917938232422
0.007032155990600586
0.03976011276245117
0.07293510437011719
0.09352588653564453
0.05892205238342285
0.06456804275512695
0.006833076477050781
0.017496109008789062
0.007693052291870117
0.035379886627197266
0.009917974472045898
0.011935234069824219
0.05952095985412598
0.07065391540527344
0.05558013916015625
0.013357162475585938
0.007651805877685547
0.007828950881958008
0.011764049530029297
0.053663015365600586
0.012326955795288086
0.0175168514251709
0.06412434577941895
0.007215976715087891
0.019761085510253906
0.01049494743347168
0.029927968978881836
0.012384176254272461
0.04878997802734375
0.06658792495727539
0.06369996070861816
0.008987903594970703
0.00989389419555664
0.007706165313720703
0.008764266967773438
0.05442214012145996
0.009160041809082031
0.039186954498291016
0.051115989685058594
0.008532047271728516
0.022359848022460938
0.06575489044189453
0.07012510299682617
0.010076045989990234
0.09042525291442871
0.00820779800415039
0.0072879791259765625
0.008752822875976562
0.009334087371826172
0.00788569450378418
0.009148120880126953
0.027745723724365234
0.1013791561126709
0.00681304931640625
0.0847616195678711
0.05539298057556152
0.007193088531494141
0.0161440372467041
0.04710197448730469
0.08919215202331543
0.009032011032104492
0.01954507827758789
0.00944209098815918
0.009506940841674805
0.053852081298828125
0.009886980056762695
0.0074880123138427734
0.009197235107421875
0.042594194412231445
0.014547109603881836
0.0514218807220459
0.06399297714233398
0.008677005767822266
0.013046026229858398
0.008263826370239258
0.02478790283203125
0.008593082427978516
0.008105993270874023
0.012481927871704102
0.009663820266723633
0.008891820907592773
0.009488105773925781
0.018270015716552734
0.012364864349365234
0.052976131439208984
0.010067939758300781
0.011773824691772461
0.007568836212158203
0.010152816772460938
0.03598308563232422
0.09564399719238281
0.05833292007446289
0.008480072021484375
0.02377605438232422
0.008975982666015625
0.009821891784667969
0.0077838897705078125
0.010339975357055664
0.06049609184265137
0.06258797645568848
0.011118173599243164
0.007348060607910156
0.0077381134033203125
0.054673194885253906
0.008324861526489258
0.009707927703857422
0.010794878005981445
0.04186701774597168
0.007982015609741211
0.007985830307006836
0.009710073471069336
0.008041858673095703
0.014211177825927734
0.053132057189941406
0.007884025573730469
0.01611185073852539
0.07227802276611328
0.06324386596679688
0.007840871810913086
0.012816905975341797
0.00972294807434082
0.0883779525756836
0.05398821830749512
0.010474205017089844
0.008908987045288086
0.008430004119873047
0.01819896697998047
0.007284879684448242
0.011281251907348633
0.06511998176574707
0.06055617332458496
0.07033801078796387
0.050553083419799805
0.06826114654541016
0.06150317192077637
0.007815837860107422
0.023548126220703125
0.008620977401733398
0.02000117301940918
0.07132697105407715
0.008897066116333008
0.01011800765991211
0.008071184158325195
0.19456267356872559
0.10263586044311523
0.06496095657348633
0.007096052169799805
0.010348796844482422
0.008101224899291992
0.008376836776733398
0.00855875015258789
0.008342981338500977
0.007999897003173828
0.0066928863525390625
0.008932828903198242
0.05526995658874512
0.010515213012695312
0.0222470760345459
0.06590509414672852
0.06203508377075195
0.006906747817993164
0.01557612419128418
0.008137941360473633
0.020341157913208008
0.009654760360717773
0.011562824249267578
0.03725075721740723
0.009431123733520508
0.05096077919006348
0.05607724189758301
0.06733536720275879
0.008932828903198242
0.01970195770263672
0.006764888763427734
0.02343606948852539
0.007711887359619141
0.019197940826416016
0.00997304916381836
0.0075130462646484375
0.009088754653930664
0.008800983428955078
0.056925058364868164
0.009678125381469727
0.007713794708251953
0.009063005447387695
0.007180929183959961
0.00949406623840332
0.046269893646240234
0.008709192276000977
0.020032167434692383
0.00916600227355957
0.028855085372924805
0.007029056549072266
0.021199941635131836
0.00821375846862793
0.01419973373413086
0.009935855865478516
0.010998964309692383
0.04713296890258789
0.010118246078491211
0.016449928283691406
0.0717000961303711
0.009881258010864258
0.010420083999633789
0.1655716896057129
0.007227182388305664
0.012022018432617188
0.009118795394897461
0.009135961532592773
0.007442951202392578
0.008611917495727539
0.007908821105957031
0.08345794677734375
0.009362936019897461
0.01294398307800293
0.054572105407714844
0.07013821601867676
0.007441997528076172
0.00840306282043457
0.0630178451538086
0.059497833251953125
0.05322694778442383
0.06717991828918457
0.007197856903076172
0.019817113876342773
0.07047104835510254
0.06614804267883301
0.007857322692871094
0.008321046829223633
0.05177617073059082
0.010363101959228516
0.01723194122314453
0.008363008499145508
0.012257099151611328
0.048113107681274414
0.06257796287536621
0.006930112838745117
0.017087221145629883
0.007845878601074219
0.00670313835144043
0.054276227951049805
0.007154941558837891
0.033005714416503906
0.07273006439208984
0.007513284683227539
0.009409666061401367
0.008512020111083984
0.007361888885498047
0.008383989334106445
0.010196924209594727
0.05432868003845215
0.008074045181274414
0.01711893081665039
0.007870197296142578
0.011209964752197266
0.009639978408813477
0.019088029861450195
0.010204315185546875
0.019614219665527344
0.009018182754516602
0.008028984069824219
0.013994932174682617
0.00821995735168457
0.008453845977783203
0.04069399833679199
0.059014081954956055
deposit_checking
0.008667230606079102
0.011728048324584961
0.009654998779296875
0.008704900741577148
0.01057291030883789
0.04891180992126465
0.008781909942626953
0.016451120376586914
0.07269811630249023
0.05179023742675781
0.009309053421020508
0.08838009834289551
0.05150103569030762
0.06282424926757812
0.06481599807739258
0.06748390197753906
0.010102987289428711
0.00865793228149414
0.008313894271850586
0.020645856857299805
0.010998964309692383
0.014625787734985352
0.06186389923095703
0.06320786476135254
0.06212615966796875
0.010832786560058594
0.020706892013549805
0.0624849796295166
0.09490680694580078
0.05238699913024902
0.06565117835998535
0.01649618148803711
0.007760047912597656
0.00967097282409668
0.0374298095703125
0.009966135025024414
0.012827157974243164
0.04403567314147949
0.06947112083435059
0.0590968132019043
0.009397745132446289
0.017631053924560547
0.009126901626586914
0.021175146102905273
0.01048898696899414
0.01544499397277832
0.009576797485351562
0.00863194465637207
0.010299205780029297
0.01595902442932129
0.05945706367492676
0.01377415657043457
0.05383801460266113
0.057736873626708984
0.06482100486755371
0.06039714813232422
0.07587623596191406
0.06015300750732422
0.01057577133178711
0.03427910804748535
0.010800838470458984
0.055596113204956055
0.06531000137329102
0.05944395065307617
0.05449390411376953
0.0089111328125
0.019906997680664062
0.008335113525390625
0.014733076095581055
0.0115509033203125
0.00841379165649414
0.012236833572387695
0.010480880737304688
0.008554220199584961
0.01966404914855957
0.009269952774047852
0.01154184341430664
0.046113014221191406
0.011486053466796875
0.013890743255615234
0.04322409629821777
0.06240677833557129
0.05749797821044922
0.06406688690185547
0.05734610557556152
0.06633710861206055
0.0598139762878418
0.19071602821350098
0.05831503868103027
0.011450767517089844
0.009798049926757812
0.05592823028564453
0.00899195671081543
0.013160943984985352
0.05527305603027344
0.012690067291259766
0.04271697998046875
0.055600881576538086
0.1636350154876709
0.05797219276428223
0.05557703971862793
0.0101470947265625
0.020607948303222656
0.008660078048706055
0.02670907974243164
0.008398771286010742
0.08961892127990723
0.06473493576049805
0.05677986145019531
0.010523796081542969
0.033685922622680664
0.0577542781829834
0.06227612495422363
0.06484699249267578
0.06237387657165527
0.0566401481628418
0.008999109268188477
0.008913993835449219
0.07095813751220703
0.0522007942199707
0.013548851013183594
0.019888877868652344
0.0634000301361084
0.06447792053222656
0.06547188758850098
0.011727094650268555
0.017987728118896484
0.0670168399810791
0.008594036102294922
0.019075870513916016
0.013459920883178711
0.010535955429077148
0.05443286895751953
0.07012629508972168
0.013752937316894531
0.04250073432922363
0.009231090545654297
0.012127161026000977
0.0680701732635498
0.05987882614135742
0.06228804588317871
0.0538942813873291
0.0609738826751709
0.09120798110961914
0.008483171463012695
0.009165048599243164
0.19783711433410645
0.0653679370880127
0.008246898651123047
0.026353836059570312
0.06669998168945312
0.06779789924621582
0.07409191131591797
0.06156301498413086
0.060971975326538086
0.058712005615234375
0.011342048645019531
0.01805901527404785
0.008716106414794922
0.01016998291015625
0.008900880813598633
0.012565135955810547
0.05412793159484863
0.00775909423828125
0.008899927139282227
0.054875850677490234
0.06849002838134766
0.05744791030883789
0.06111788749694824
0.010958194732666016
0.014381170272827148
0.014040708541870117
0.02206730842590332
0.00983285903930664
0.01623988151550293
0.011880159378051758
0.014478206634521484
0.009947776794433594
0.012549161911010742
0.009990930557250977
0.028800010681152344
0.06092524528503418
0.06345891952514648
0.008671045303344727
0.049878835678100586
0.00950312614440918
0.017102956771850586
0.011165142059326172
0.018873929977416992
0.008193016052246094
0.012089252471923828
0.06428098678588867
0.06606888771057129
0.05708026885986328
0.0594332218170166
0.07134723663330078
0.08355522155761719
0.05893397331237793
0.08897209167480469
0.009855270385742188
0.01157522201538086
0.059368133544921875
0.04958796501159668
0.06270289421081543
0.009183883666992188
0.016288042068481445
0.07538604736328125
0.05674123764038086
0.06480693817138672
0.0532679557800293
0.009279012680053711
0.024332046508789062
0.010917901992797852
0.01772594451904297
0.0693669319152832
0.05345606803894043
0.06545114517211914
0.009760856628417969
0.00906991958618164
0.057804107666015625
0.06719589233398438
0.057669878005981445
0.051651716232299805
0.06175589561462402
0.012270212173461914
0.013086080551147461
0.011427164077758789
0.026014328002929688
0.06753110885620117
0.010625123977661133
0.0158541202545166
0.07323098182678223
0.057672977447509766
0.09004712104797363
0.16478490829467773
0.00788116455078125
0.014387845993041992
0.013184785842895508
0.0560910701751709
0.07805609703063965
0.00890207290649414
0.008731842041015625
0.05386614799499512
0.06230926513671875
0.059929847717285156
0.06256532669067383
0.06153702735900879
0.008903980255126953
0.011641740798950195
0.010009050369262695
0.008143901824951172
0.010964155197143555
0.02184295654296875
0.06567692756652832
0.06284904479980469
0.058868408203125
0.07062196731567383
0.06664204597473145
0.04968881607055664
0.06295299530029297
0.013713836669921875
0.00881195068359375
0.09180903434753418
0.062036991119384766
0.06250214576721191
0.06712770462036133
0.050185203552246094
0.06628918647766113
0.053698062896728516
0.008549928665161133
0.009498834609985352
0.01024007797241211
0.05344390869140625
0.049867868423461914
0.013261079788208008
0.020806074142456055
0.010017156600952148
0.03217291831970215
0.058193206787109375
0.010523080825805664
0.08673906326293945
0.05321168899536133
0.06357884407043457
0.012346982955932617
0.03226613998413086
0.050508975982666016
0.010232210159301758
0.026036977767944336
0.06311893463134766
0.055330753326416016
0.010805845260620117
0.010589122772216797
0.009750843048095703
0.05157208442687988
0.060133934020996094
0.01206207275390625
0.01691603660583496
0.009425878524780273
0.031991004943847656
0.00872802734375
0.030035972595214844
0.06775093078613281
0.058866024017333984
0.009415864944458008
0.010325193405151367
0.0560612678527832
0.007564067840576172
0.024927139282226562
0.010650873184204102
0.01853203773498535
0.010505914688110352
0.010211944580078125
0.04314088821411133
0.009571075439453125
0.011642932891845703
0.009806156158447266
0.022780179977416992
0.06199812889099121
0.1012883186340332
0.009742259979248047
0.008499860763549805
0.08908414840698242
0.010821819305419922
0.0783848762512207
0.06646084785461426
0.06704473495483398
0.055433034896850586
0.010279178619384766
0.02509593963623047
0.008379936218261719
0.014043807983398438
0.05593585968017578
0.05391716957092285
0.09881711006164551
0.009935855865478516
0.008137941360473633
0.008482933044433594
0.008583784103393555
0.0567018985748291
0.06573319435119629
0.0523681640625
0.06992721557617188
0.008103132247924805
0.012410879135131836
0.16114091873168945
0.008526802062988281
0.03389430046081543
0.06534981727600098
0.05943775177001953
0.010118961334228516
0.008330106735229492
0.011489152908325195
0.008551836013793945
0.10160994529724121
0.051753997802734375
0.00799107551574707
0.016224145889282227
0.008088827133178711
0.0857381820678711
0.06525015830993652
0.010807037353515625
0.01185297966003418
0.03566408157348633
0.06220722198486328
0.0638117790222168
0.06998300552368164
0.0529789924621582
0.009239912033081055
0.01974177360534668
0.07191705703735352
0.007953166961669922
0.008383989334106445
0.04449796676635742
0.06999611854553223
0.05874204635620117
0.011518001556396484
0.010827064514160156
0.04828310012817383
0.013136148452758789
0.02126312255859375
0.008898019790649414
0.022291183471679688
0.010409832000732422
0.008487224578857422
0.010538101196289062
0.012077093124389648
0.008983135223388672
0.07895302772521973
0.011718988418579102
0.019882917404174805
0.010008096694946289
0.022825956344604492
0.06690096855163574
0.05906367301940918
0.009221076965332031
0.012650012969970703
0.07432126998901367
0.06125211715698242
0.06053924560546875
0.011803865432739258
0.008559703826904297
0.04932403564453125
0.05428194999694824
0.06553173065185547
0.058351755142211914
0.0572049617767334
0.056874990463256836
0.05925393104553223
0.008616924285888672
0.018062114715576172
0.012630939483642578
0.05318498611450195
0.05802297592163086
0.07454419136047363
0.052438974380493164
0.05508995056152344
0.06094098091125488
0.010376930236816406
0.03326916694641113
0.014549970626831055
0.011518001556396484
0.04913020133972168
0.05877804756164551
0.06982111930847168
0.05696582794189453
0.05862617492675781
0.05508017539978027
0.0649409294128418
0.06036877632141113
0.06519389152526855
0.009638309478759766
0.009385824203491211
0.008468151092529297
0.008778095245361328
0.008064031600952148
0.009474754333496094
0.007768154144287109
0.05917096138000488
0.008569002151489258
0.009864330291748047
0.04858994483947754
0.009772062301635742
0.05563688278198242
0.09723591804504395
0.008840084075927734
0.010368108749389648
0.05053091049194336
0.01006007194519043
0.010869026184082031
0.05523204803466797
0.06586503982543945
0.060719966888427734
0.07127189636230469
0.010082006454467773
0.011232137680053711
0.010195016860961914
0.013640880584716797
0.052577972412109375
0.06859707832336426
0.008180856704711914
0.00931406021118164
0.012904167175292969
0.010830879211425781
0.010351896286010742
0.009613037109375
0.009612798690795898
0.03125810623168945
0.06922125816345215
0.05695605278015137
0.008383989334106445
0.013216018676757812
0.06992316246032715
0.044877052307128906
0.19448304176330566
0.061186790466308594
0.009559154510498047
0.011013031005859375
0.04874110221862793
0.00751495361328125
0.014046907424926758
0.00857234001159668
0.008376121520996094
0.0627281665802002
0.07002902030944824
0.054782867431640625
0.009384870529174805
0.009855031967163086
0.07484817504882812
0.058897972106933594
0.013004779815673828
0.04413008689880371
0.05718517303466797
0.07154989242553711
0.05174875259399414
0.06227421760559082
0.009495258331298828
0.014852046966552734
0.041734933853149414
0.009003877639770508
0.013189077377319336
send_payment
0.006853818893432617
0.007752180099487305
0.08196473121643066
0.090972900390625
0.05707073211669922
0.0061969757080078125
0.006639957427978516
0.008854866027832031
0.0446321964263916
0.007048130035400391
0.012478828430175781
0.006376028060913086
0.0076351165771484375
0.006456136703491211
0.02711319923400879
0.009607076644897461
0.015424966812133789
0.010038137435913086
0.08330488204956055
0.009807825088500977
0.008713960647583008
0.0729532241821289
0.0066030025482177734
0.02974987030029297
0.00679779052734375
0.008718013763427734
0.009821891784667969
0.010671138763427734
0.011096715927124023
0.008046865463256836
0.0076351165771484375
0.008095026016235352
0.02395486831665039
0.008285999298095703
0.01064300537109375
0.08034896850585938
0.056982994079589844
0.06555294990539551
0.007585763931274414
0.010174036026000977
0.007314920425415039
0.04015779495239258
0.007174968719482422
0.00771021842956543
0.006938934326171875
0.013715028762817383
0.04524111747741699
0.008873939514160156
0.0508112907409668
0.009180068969726562
0.01683521270751953
0.06033205986022949
0.06966781616210938
0.05597686767578125
0.04853391647338867
0.06200671195983887
0.04870200157165527
0.007288217544555664
0.007302999496459961
0.007012844085693359
0.039836883544921875
0.052523136138916016
0.06762027740478516
0.0077550411224365234
0.007274150848388672
0.011009931564331055
0.008508920669555664
0.06183600425720215
0.05316305160522461
0.06439971923828125
0.007210969924926758
0.08839297294616699
0.01064300537109375
0.028216123580932617
0.09545326232910156
0.007623910903930664
0.01454305648803711
0.009663820266723633
0.008322954177856445
0.007298946380615234
0.007836103439331055
0.011059045791625977
0.0076749324798583984
0.007191181182861328
0.043443918228149414
0.007750988006591797
0.011323213577270508
0.007484912872314453
0.04511308670043945
0.007676839828491211
0.006891012191772461
0.007552146911621094
0.024401187896728516
0.011298894882202148
0.029834985733032227
0.07097983360290527
0.0070803165435791016
0.006897926330566406
0.0076100826263427734
0.0076029300689697266
0.008363008499145508
0.007536172866821289
0.007382869720458984
0.044524192810058594
0.0652761459350586
0.00869297981262207
0.00938105583190918
0.0075283050537109375
0.009340763092041016
0.08378291130065918
0.007616996765136719
0.016123056411743164
0.0708761215209961
0.007180213928222656
0.01066899299621582
0.008054018020629883
0.03893613815307617
0.06645607948303223
0.06168174743652344
0.0076732635498046875
0.009439945220947266
0.006778717041015625
0.01130223274230957
0.0074422359466552734
0.021322011947631836
0.008800029754638672
0.016537904739379883
0.006554126739501953
0.1953139305114746
0.007184028625488281
0.015837907791137695
0.008940935134887695
0.009433984756469727
0.009690046310424805
0.007953882217407227
0.007684946060180664
0.008516788482666016
0.06847214698791504
0.058326005935668945
0.006657838821411133
0.0877833366394043
0.06139802932739258
0.06978201866149902
0.05620718002319336
0.0710756778717041
0.007904767990112305
0.008594274520874023
0.007842779159545898
0.011375188827514648
0.012681961059570312
0.020889759063720703
0.008220911026000977
0.01456308364868164
0.007539987564086914
0.021032094955444336
0.007894039154052734
0.01042795181274414
0.0554509162902832
0.007995843887329102
0.008550882339477539
0.009752035140991211
0.00751185417175293
0.05231308937072754
0.008764028549194336
0.024621963500976562
0.07442092895507812
0.04668307304382324
0.007200956344604492
0.013808727264404297
0.00849604606628418
0.008524894714355469
0.008593082427978516
0.05971813201904297
0.008598089218139648
0.012748003005981445
0.06685018539428711
0.0071947574615478516
0.010589838027954102
0.05195784568786621
0.062309980392456055
0.011862993240356445
0.00944209098815918
0.053503990173339844
0.006500720977783203
0.01685309410095215
0.007411956787109375
0.01626896858215332
0.006547212600708008
0.007523059844970703
0.006373882293701172
0.008920669555664062
0.009051799774169922
0.06195521354675293
0.006511688232421875
0.012258052825927734
0.00758814811706543
0.01721334457397461
0.008523941040039062
0.08429121971130371
0.008091926574707031
0.0258791446685791
0.06383299827575684
0.05823707580566406
0.06772613525390625
0.008281946182250977
0.011237859725952148
0.0075130462646484375
0.008819103240966797
0.010667085647583008
0.009961128234863281
0.06678295135498047
0.06259703636169434
0.05310797691345215
0.009592056274414062
0.026144981384277344
0.00786900520324707
0.008772134780883789
0.006494045257568359
0.008305072784423828
0.007008075714111328
0.0055429935455322266
0.010710000991821289
0.010241031646728516
0.05020713806152344
0.05828094482421875
0.06800508499145508
0.05378890037536621
0.008562088012695312
0.02130603790283203
0.05374908447265625
0.006927013397216797
0.006615161895751953
0.009791374206542969
0.022613048553466797
0.011005878448486328
0.02179694175720215
0.06372690200805664
0.008201837539672852
0.02591729164123535
0.008638143539428711
0.007092952728271484
0.008406877517700195
0.04172706604003906
0.051959991455078125
0.07210588455200195
0.05642509460449219
0.00687098503112793
0.020634174346923828
0.06658315658569336
0.010816097259521484
0.015631914138793945
0.007066965103149414
0.015875816345214844
0.0622258186340332
0.007384061813354492
0.08455991744995117
0.06590580940246582
0.05707192420959473
0.007391929626464844
0.015818119049072266
0.03566479682922363
0.00837087631225586
0.01594710350036621
0.011061906814575195
0.007508039474487305
0.008339881896972656
0.03337597846984863
0.008601903915405273
0.0073740482330322266
0.008415937423706055
0.007348060607910156
0.007428169250488281
0.00609898567199707
0.05205106735229492
0.06809496879577637
0.00837087631225586
0.0175020694732666
0.0071659088134765625
0.017956972122192383
0.008002042770385742
0.022691011428833008
0.0069119930267333984
0.02065587043762207
0.0668649673461914
0.0076029300689697266
0.01238870620727539
0.006814002990722656
0.03316497802734375
0.05000901222229004
0.009402990341186523
0.01611804962158203
0.010251045227050781
0.011321783065795898
0.008938074111938477
0.009692907333374023
0.008224010467529297
0.009383916854858398
0.0533909797668457
0.007290840148925781
0.008084297180175781
0.010606765747070312
0.05282425880432129
0.005967140197753906
0.010457038879394531
0.0558619499206543
0.0067598819732666016
0.010057926177978516
0.007781982421875
0.009436845779418945
0.006845235824584961
0.008745908737182617
0.008820295333862305
0.015682220458984375
0.011076927185058594
0.01680612564086914
0.007087230682373047
0.007961273193359375
0.043059349060058594
0.008361101150512695
0.006799221038818359
0.007532835006713867
0.009208917617797852
0.007681846618652344
0.0077800750732421875
0.010010957717895508
0.00885319709777832
0.006625175476074219
0.09459495544433594
0.007130146026611328
0.032653093338012695
0.007675886154174805
0.013098955154418945
0.0068171024322509766
0.007942914962768555
0.0068302154541015625
0.0070781707763671875
0.0106658935546875
0.06624102592468262
0.007300138473510742
0.010017156600952148
0.00923013687133789
0.05415081977844238
0.10160994529724121
0.007122993469238281
0.008209943771362305
0.005853891372680664
0.01767706871032715
0.01066279411315918
0.010351896286010742
0.042571067810058594
0.0073680877685546875
0.01037907600402832
0.0467991828918457
0.008095979690551758
0.009659051895141602
0.04298973083496094
0.06801795959472656
0.06593894958496094
0.05858492851257324
0.006938934326171875
0.0074977874755859375
0.008129119873046875
0.01162099838256836
0.006707906723022461
0.0066699981689453125
0.009119987487792969
0.008704900741577148
0.03759598731994629
0.04819989204406738
0.06848597526550293
0.007609128952026367
0.006875038146972656
0.008081912994384766
0.016706228256225586
0.07074427604675293
0.05736899375915527
0.06088709831237793
0.009097099304199219
0.02754807472229004
0.010730981826782227
0.0064890384674072266
0.008625984191894531
0.02945089340209961
0.011073827743530273
0.01231074333190918
0.04443812370300293
0.007897138595581055
0.08299803733825684
0.008433103561401367
0.05049276351928711
0.008450984954833984
0.02620840072631836
0.05933785438537598
0.0071408748626708984
0.019906044006347656
0.007022857666015625
0.02787494659423828
0.06177711486816406
0.07576203346252441
0.05720186233520508
0.0990910530090332
0.010637998580932617
0.019305944442749023
0.008951902389526367
0.02231597900390625
0.007995128631591797
0.019784927368164062
0.06032204627990723
0.06007194519042969
0.07061076164245605
0.00903010368347168
0.0064280033111572266
0.009168863296508789
0.03954291343688965
0.007214069366455078
0.009392261505126953
0.015318870544433594
0.007889270782470703
0.05067801475524902
0.006430864334106445
0.021954059600830078
0.006352901458740234
0.024871349334716797
0.01027989387512207
0.05610489845275879
0.06336498260498047
0.008291006088256836
0.006857872009277344
0.006783962249755859
0.008126974105834961
0.007161855697631836
0.01654195785522461
0.06267309188842773
0.06710982322692871
0.010400056838989258
0.007867097854614258
0.008564949035644531
0.0545201301574707
0.06272006034851074
0.008135080337524414
0.007077217102050781
0.011696100234985352
0.0071489810943603516
0.007276058197021484
0.07976913452148438
0.008411884307861328
0.009099006652832031
0.041383981704711914
0.00909733772277832
0.008457183837890625
0.052822113037109375
0.007169008255004883
0.009792804718017578
0.05994129180908203
0.05479717254638672
0.007730960845947266
0.008972883224487305
0.007417917251586914
0.008208036422729492
0.0107421875
0.017886877059936523
0.006387948989868164
0.02488088607788086
0.011929035186767578
0.006424903869628906
0.008196115493774414
0.009747982025146484
0.0075037479400634766
0.07367992401123047
0.006288766860961914
0.01419973373413086
0.006737947463989258
0.026399850845336914
0.011395692825317383
0.02544689178466797
0.008887052536010742
0.012539148330688477
0.00718998908996582
0.023515701293945312
0.0640251636505127
0.0681607723236084
0.007031679153442383
0.010830879211425781
0.05807685852050781
0.007656097412109375
0.009816884994506836
0.011040210723876953
0.0065517425537109375
0.04593801498413086
0.008228063583374023
0.008592844009399414
0.00750732421875
0.006722211837768555
0.058104753494262695
0.008671045303344727
0.010808944702148438
0.010035991668701172
0.006602048873901367
0.008966922760009766
0.0514531135559082
invoke-query
