0.018805980682373047
peer1.org1.example.com, queryy
0.008985757827758789
0.008931875228881836
0.010496139526367188
0.04520082473754883
0.011117935180664062
0.030637025833129883
0.008337020874023438
0.0143890380859375
0.007217884063720703
0.03829622268676758
0.05422782897949219
0.01063680648803711
0.008859872817993164
0.009956836700439453
0.053941965103149414
0.00944209098815918
0.009338855743408203
0.008981704711914062
0.036390066146850586
0.008095979690551758
0.01190805435180664
0.007258892059326172
0.007057905197143555
0.009188175201416016
0.008859872817993164
0.012804985046386719
0.00865316390991211
0.009701967239379883
0.008482694625854492
0.04517722129821777
0.008786916732788086
0.08312606811523438
0.00836491584777832
0.01314687728881836
0.05205416679382324
0.00981593132019043
0.016686201095581055
0.00781393051147461
0.01333475112915039
0.00698089599609375
0.023560047149658203
0.008698701858520508
0.023546218872070312
0.06606698036193848
0.009707927703857422
0.014416933059692383
0.008781194686889648
0.014645814895629883
0.009816169738769531
0.030795812606811523
0.06725287437438965
0.022142887115478516
0.01220393180847168
0.010143041610717773
0.010412216186523438
0.00875091552734375
0.012557029724121094
0.0421299934387207
0.053443193435668945
0.008378028869628906
0.00925898551940918
0.009907960891723633
0.052870750427246094
0.06717514991760254
0.0666801929473877
0.04930520057678223
0.18466401100158691
0.00745701789855957
0.024564027786254883
0.010271072387695312
0.012099981307983398
0.052310943603515625
0.011462926864624023
0.009616851806640625
0.05688810348510742
0.009758949279785156
0.013365030288696289
0.06620001792907715
0.0569460391998291
0.00846099853515625
0.015067815780639648
0.04139304161071777
0.010802984237670898
0.02681899070739746
0.09546589851379395
0.0806577205657959
0.05838489532470703
0.01035308837890625
0.010163068771362305
0.04998517036437988
0.008391857147216797
0.013801097869873047
0.00783681869506836
0.008205175399780273
0.04894208908081055
0.061717987060546875
0.05992603302001953
0.0660550594329834
0.006735086441040039
0.009953022003173828
0.007421970367431641
0.015152215957641602
0.06286096572875977
0.07541728019714355
0.006653308868408203
0.011702775955200195
0.06644082069396973
0.007929801940917969
0.026925086975097656
0.16086030006408691
0.07298898696899414
0.00882411003112793
0.08405399322509766
0.06050372123718262
0.0591282844543457
0.05832719802856445
0.010733842849731445
0.01691293716430664
0.06610989570617676
0.00902700424194336
0.010890960693359375
0.04452872276306152
0.07487106323242188
0.06215691566467285
0.00831294059753418
0.012181997299194336
0.009661197662353516
0.037963151931762695
0.05069684982299805
0.007513761520385742
0.035018205642700195
0.008128166198730469
0.009425878524780273
0.00827479362487793
0.03368878364562988
0.05599570274353027
0.062125205993652344
0.008604764938354492
0.015553951263427734
0.0764610767364502
0.008589744567871094
0.00780177116394043
0.008275985717773438
0.02371501922607422
0.011080265045166016
0.05980706214904785
0.04996919631958008
0.07433271408081055
0.06528902053833008
0.007486104965209961
0.020531892776489258
0.06920790672302246
0.009291887283325195
0.032807111740112305
0.009900093078613281
0.012432098388671875
0.007491111755371094
0.010285139083862305
0.05287766456604004
0.006766080856323242
0.010846138000488281
0.05137205123901367
0.07044315338134766
0.08836579322814941
0.0659639835357666
0.008752822875976562
0.07234668731689453
0.007776021957397461
0.010010957717895508
0.05256795883178711
0.0073201656341552734
0.027515888214111328
0.06931400299072266
0.0076258182525634766
0.010766029357910156
0.006916999816894531
0.009369134902954102
0.0531611442565918
0.06947088241577148
0.05444192886352539
0.050995826721191406
0.008747100830078125
0.007503986358642578
0.007736682891845703
0.007714033126831055
0.008627891540527344
0.06753897666931152
0.00914311408996582
0.015149116516113281
0.007749795913696289
0.017899751663208008
0.008325815200805664
0.008871078491210938
0.042127132415771484
0.008351802825927734
0.029513835906982422
0.00906991958618164
0.09475398063659668
0.007761955261230469
0.009885072708129883
0.04812216758728027
0.01147317886352539
0.009544134140014648
0.07323694229125977
0.011661052703857422
0.019197940826416016
0.007132768630981445
0.02233290672302246
0.009157896041870117
0.09308624267578125
0.010865926742553711
0.015776872634887695
0.07413578033447266
0.009466886520385742
0.011711835861206055
0.0558929443359375
0.06358504295349121
0.00924992561340332
0.011064767837524414
0.0634918212890625
0.0636301040649414
0.008439064025878906
0.028393983840942383
0.006698131561279297
0.017365694046020508
0.05513906478881836
0.07831811904907227
0.04687786102294922
0.008466958999633789
0.025169849395751953
0.06169414520263672
0.060006141662597656
0.007882118225097656
0.012018918991088867
0.06309890747070312
0.008725166320800781
0.08404994010925293
0.01238107681274414
0.008651971817016602
0.007277011871337891
0.007698774337768555
0.055397987365722656
0.008536100387573242
0.009139776229858398
0.07072997093200684
0.008072137832641602
0.02315998077392578
0.008168935775756836
0.02074432373046875
0.0075168609619140625
0.006948709487915039
0.04339885711669922
0.006755828857421875
0.006641864776611328
0.0076868534088134766
0.009052038192749023
0.012092113494873047
0.009253978729248047
0.007838964462280273
0.010765790939331055
0.008261919021606445
0.013201236724853516
0.04895901679992676
0.009106159210205078
0.025327205657958984
0.05894303321838379
0.07105898857116699
0.00747227668762207
0.1945960521697998
0.008791923522949219
0.016538143157958984
0.007573127746582031
0.0179440975189209
0.009287834167480469
0.008866071701049805
0.052052974700927734
0.009456872940063477
0.08270001411437988
0.00886392593383789
0.008363008499145508
0.011991024017333984
0.042114973068237305
0.06715965270996094
0.052084922790527344
0.06568503379821777
0.06671428680419922
0.008130788803100586
0.02452397346496582
0.06451177597045898
0.00929403305053711
0.010072946548461914
0.04657697677612305
0.009865045547485352
0.017424821853637695
0.008402109146118164
0.014003276824951172
0.010685920715332031
0.01112508773803711
0.051902055740356445
0.007066965103149414
0.01723194122314453
0.007895946502685547
0.02687215805053711
0.007380247116088867
0.028476953506469727
0.06064009666442871
0.007333993911743164
0.007725954055786133
0.008234977722167969
0.028983116149902344
0.008630990982055664
0.013400793075561523
0.05298614501953125
0.054960012435913086
0.009402990341186523
0.09041905403137207
0.05771803855895996
0.0598909854888916
0.010420083999633789
0.0235598087310791
0.00738978385925293
0.009087085723876953
0.04323911666870117
0.06777000427246094
0.009564876556396484
0.025799274444580078
0.008659839630126953
0.013509988784790039
0.007725954055786133
0.028044939041137695
0.006756782531738281
0.01049184799194336
0.0446629524230957
0.009246110916137695
0.03457999229431152
0.01192617416381836
0.05745291709899902
0.00855398178100586
0.017076969146728516
0.011070966720581055
0.010435104370117188
0.03933215141296387
0.013161897659301758
0.011074066162109375
0.018398046493530273
0.0078051090240478516
0.07973909378051758
0.05810403823852539
0.008838891983032227
0.02404189109802246
0.06036996841430664
0.010056018829345703
0.030517101287841797
0.06271100044250488
0.05794978141784668
0.011096000671386719
0.009192943572998047
0.04812216758728027
0.05313897132873535
0.006865978240966797
0.021028757095336914
0.009307861328125
0.0857701301574707
0.010860919952392578
0.016730070114135742
0.06467914581298828
0.011751174926757812
0.013564109802246094
0.007666110992431641
0.01230001449584961
0.050833940505981445
0.009155750274658203
0.014375925064086914
0.1710360050201416
0.009920835494995117
0.012774944305419922
0.07144403457641602
0.06872129440307617
0.007220029830932617
0.0197451114654541
0.011355161666870117
0.023869037628173828
0.007704257965087891
0.024216890335083008
0.06025290489196777
0.012497901916503906
0.016044139862060547
0.009068012237548828
0.019388198852539062
0.007966995239257812
0.038297176361083984
0.010117053985595703
0.010842084884643555
0.01740097999572754
0.007596015930175781
0.020854949951171875
0.010842084884643555
0.05092191696166992
0.05478787422180176
0.0642859935760498
0.01005101203918457
0.011578798294067383
0.00639796257019043
0.009128093719482422
0.006901979446411133
0.037590980529785156
0.06887102127075195
0.05242013931274414
0.07993507385253906
0.007582426071166992
0.08707237243652344
0.05449318885803223
0.011023759841918945
0.018902063369750977
0.007575035095214844
0.012693643569946289
0.047749996185302734
0.06358122825622559
0.08617711067199707
0.0073888301849365234
0.024648189544677734
0.05895400047302246
0.008974075317382812
0.01211690902709961
0.051367759704589844
0.010444879531860352
0.015659093856811523
0.06612300872802734
0.009463071823120117
0.014580965042114258
0.009092092514038086
0.04597282409667969
0.06165885925292969
0.06337618827819824
0.007256746292114258
0.014637231826782227
0.013128995895385742
0.010023117065429688
0.05110788345336914
0.06504607200622559
0.012274980545043945
0.008465290069580078
0.007562875747680664
0.05883288383483887
0.0908958911895752
0.006092071533203125
0.007964849472045898
0.009434938430786133
0.05315804481506348
0.007239341735839844
0.01040506362915039
0.011008024215698242
0.009054183959960938
0.06259679794311523
0.008579730987548828
0.012007951736450195
0.07028913497924805
0.06447672843933105
0.06414198875427246
0.060192108154296875
0.011965274810791016
0.030972003936767578
0.010980844497680664
0.013056039810180664
0.007009983062744141
0.012774944305419922
0.009872198104858398
0.0190579891204834
0.060961008071899414
0.06771087646484375
0.008119821548461914
0.02109384536743164
0.009446144104003906
0.03560996055603027
0.011291980743408203
0.05460190773010254
0.011883974075317383
0.009560108184814453
0.06333279609680176
0.008214950561523438
0.08404707908630371
0.00991201400756836
0.03068709373474121
0.006891012191772461
0.016739845275878906
0.07063674926757812
0.05588698387145996
0.06313395500183105
0.06323599815368652
0.013098001480102539
0.013550996780395508
0.06807494163513184
0.008919000625610352
0.010688066482543945
0.06656289100646973
0.0677940845489502
0.010328054428100586
0.014966964721679688
0.07548022270202637
0.007660865783691406
0.007730007171630859
0.058001041412353516
0.008385181427001953
0.09833598136901855
0.06405305862426758
0.007236957550048828
0.007961034774780273
0.008177042007446289
0.009937047958374023
0.04968976974487305
0.008471965789794922
0.01796722412109375
0.0072879791259765625
0.01162409782409668
0.05875706672668457
0.01063990592956543
0.0067920684814453125
0.09021806716918945
0.008460760116577148
0.028567075729370117
0.06045413017272949
0.01017308235168457
0.009566068649291992
0.011493682861328125
0.010259866714477539
0.00762629508972168
0.009338855743408203
0.008744239807128906
0.07026791572570801
0.006444215774536133
0.00813603401184082
0.010447025299072266
0.08455920219421387
0.19864869117736816
0.06314396858215332
0.062272071838378906
0.051167964935302734
0.00802302360534668
0.026491880416870117
0.008353948593139648
0.02508378028869629
0.09449100494384766
0.056426286697387695
0.010133981704711914
0.008543014526367188
0.07367300987243652
0.007369041442871094
0.00869297981262207
0.008599042892456055
0.009434700012207031
0.057359933853149414
0.008021831512451172
0.0110931396484375
0.01089024543762207
0.007629871368408203
0.009630918502807617
0.059335947036743164
0.0552518367767334
0.06474900245666504
0.007755756378173828
0.008402824401855469
0.009025096893310547
0.013826131820678711
0.008315801620483398
0.015310049057006836
0.008348226547241211
0.028474807739257812
0.0726468563079834
0.008196115493774414
0.010794878005981445
0.008270263671875
0.009619951248168945
0.010460853576660156
0.00837087631225586
0.009038925170898438
0.01766800880432129
0.008690834045410156
0.024852991104125977
0.06766486167907715
0.007088899612426758
0.018271923065185547
0.0720829963684082
0.06162571907043457
0.05899500846862793
0.0068700313568115234
0.013586997985839844
0.008074045181274414
0.012326955795288086
0.04140806198120117
0.008768081665039062
0.020908117294311523
0.01032400131225586
0.00744175910949707
0.044899940490722656
0.010762929916381836
0.010528087615966797
0.00845479965209961
0.007380008697509766
0.059895992279052734
0.008170127868652344
0.01754903793334961
0.06384897232055664
0.06237983703613281
0.006566286087036133
0.025810718536376953
0.008915901184082031
0.007134914398193359
0.011958122253417969
0.029865026473999023
0.0070722103118896484
0.03097701072692871
0.008024930953979492
0.013339996337890625
0.008002042770385742
0.019760847091674805
0.007888078689575195
0.019847869873046875
0.06732797622680664
0.007505893707275391
0.008925914764404297
0.07313108444213867
0.008183956146240234
0.10142993927001953
0.00923609733581543
0.009557962417602539
0.009567975997924805
0.02575373649597168
0.008462905883789062
0.015516042709350586
0.00858616828918457
0.03044295310974121
0.06540679931640625
0.008442163467407227
0.013962030410766602
0.008543252944946289
0.011436939239501953
0.03919529914855957
0.011375904083251953
0.007781982421875
0.07495713233947754
0.008344173431396484
0.007800102233886719
0.00810694694519043
0.030783891677856445
0.06183505058288574
0.05289506912231445
0.008228778839111328
0.0187990665435791
0.01071619987487793
0.08582496643066406
0.009663820266723633
0.012224197387695312
0.008585929870605469
0.009109020233154297
0.049234867095947266
0.009005069732666016
0.00949406623840332
0.007843017578125
0.01843571662902832
0.008732080459594727
0.023836851119995117
0.05599498748779297
0.0626523494720459
0.05894804000854492
0.009895801544189453
0.0419158935546875
0.008848905563354492
0.009911775588989258
0.00793004035949707
0.009141921997070312
0.006980180740356445
0.011300086975097656
0.0113677978515625
0.01947498321533203
0.011691093444824219
0.032945871353149414
0.009386062622070312
0.07997393608093262
0.0069391727447509766
0.009638786315917969
0.06481218338012695
0.09861421585083008
0.06293201446533203
0.00822591781616211
0.007586240768432617
0.05543994903564453
0.05316877365112305
0.008498191833496094
0.010146856307983398
0.05222606658935547
0.011083126068115234
0.014764785766601562
0.0103302001953125
0.008573055267333984
0.008518218994140625
0.008970022201538086
0.05340170860290527
0.007941007614135742
0.009257078170776367
0.007297992706298828
0.032299041748046875
0.010656118392944336
0.0077898502349853516
0.007750749588012695
0.00811910629272461
0.009019851684570312
0.04242300987243652
0.0660710334777832
0.06429195404052734
0.0763702392578125
0.01018214225769043
0.0969858169555664
0.011143922805786133
0.010171175003051758
0.008706808090209961
0.031968116760253906
0.00673985481262207
0.013104915618896484
0.0719301700592041
0.06398892402648926
0.008877992630004883
0.007437944412231445
0.009088993072509766
0.008849859237670898
0.053771018981933594
0.05341815948486328
0.007824182510375977
0.01355290412902832
0.009081125259399414
0.02104783058166504
0.007251262664794922
0.008846044540405273
0.011873006820678711
0.09569191932678223
0.010571956634521484
0.014042854309082031
0.06859087944030762
0.06249427795410156
0.0618288516998291
0.06038498878479004
0.009856939315795898
0.00895380973815918
0.05062603950500488
0.007508039474487305
0.01637887954711914
0.06380796432495117
0.06043887138366699
0.06616997718811035
0.0073549747467041016
0.011073112487792969
0.04551386833190918
0.06339406967163086
0.07970094680786133
0.0551760196685791
0.05969834327697754
0.010123014450073242
0.016676902770996094
0.007283926010131836
0.08887910842895508
0.007085084915161133
0.020493268966674805
0.0652768611907959
0.007759809494018555
0.007605075836181641
0.008581876754760742
0.04524731636047363
0.06640934944152832
0.06842398643493652
0.009164810180664062
0.008565187454223633
0.10178899765014648
0.008042097091674805
0.006430864334106445
0.010909795761108398
0.008105993270874023
0.006982088088989258
0.007894039154052734
0.05825304985046387
0.009757041931152344
0.009024858474731445
0.05040788650512695
0.008823156356811523
0.02146601676940918
0.007947921752929688
0.01303410530090332
0.06547188758850098
0.05686187744140625
0.055300235748291016
0.008045196533203125
0.009968042373657227
0.00793004035949707
0.04230618476867676
0.06133008003234863
0.008394956588745117
0.016029834747314453
0.007025957107543945
0.02893996238708496
0.009218931198120117
0.012799978256225586
0.00873708724975586
0.10214591026306152
0.05549478530883789
0.0066890716552734375
0.020886898040771484
0.009145736694335938
0.01041412353515625
0.049053192138671875
0.07032394409179688
0.009304285049438477
0.039521217346191406
0.007835865020751953
0.018583059310913086
0.06840109825134277
0.007767200469970703
0.026437044143676758
0.007793903350830078
0.010138988494873047
0.06574296951293945
0.05674624443054199
0.06390213966369629
0.05897116661071777
0.06803107261657715
0.0539860725402832
0.06598615646362305
0.06812787055969238
0.06417584419250488
0.007800102233886719
0.011080026626586914
0.053856849670410156
0.007697105407714844
0.01370096206665039
0.007609128952026367
0.026501893997192383
0.066741943359375
0.057161808013916016
0.0680992603302002
0.053174734115600586
0.009702920913696289
0.04982113838195801
0.007810115814208984
0.012084007263183594
0.011596918106079102
0.009835958480834961
0.012434959411621094
0.05659890174865723
0.007381916046142578
0.010661125183105469
0.009629011154174805
0.02778792381286621
0.009801864624023438
0.010108232498168945
0.010035991668701172
0.014895915985107422
0.012190818786621094
0.009202957153320312
0.01564168930053711
0.007757663726806641
0.00889897346496582
0.010130167007446289
0.01423788070678711
0.024981975555419922
0.009554862976074219
0.017158985137939453
0.062313079833984375
0.008327722549438477
0.010566949844360352
0.06589889526367188
0.05373501777648926
0.05080294609069824
0.0075800418853759766
0.08405303955078125
0.007090091705322266
0.010841131210327148
0.010355949401855469
0.029400110244750977
0.0711669921875
0.061174869537353516
0.008925199508666992
0.008585214614868164
0.05975794792175293
0.009829998016357422
0.028007984161376953
0.008486747741699219
0.010316133499145508
0.03703618049621582
0.05950164794921875
0.00740814208984375
0.010294914245605469
0.054052114486694336
0.009500980377197266
0.00803995132446289
0.05830121040344238
0.01044607162475586
0.008231878280639648
0.009254932403564453
0.007585048675537109
0.049468994140625
0.009186983108520508
0.009007692337036133
0.0830681324005127
0.05420494079589844
0.07224202156066895
0.05774116516113281
0.008679866790771484
0.00902104377746582
0.04436612129211426
0.010549783706665039
0.052516937255859375
0.06163311004638672
0.012848138809204102
0.007606029510498047
0.05887603759765625
0.07810711860656738
0.010035991668701172
0.012086868286132812
0.06882095336914062
0.008193016052246094
0.02516007423400879
0.008421897888183594
0.021282196044921875
0.06476116180419922
0.008166790008544922
0.09555625915527344
0.008021116256713867
0.007754087448120117
0.010835886001586914
0.009167909622192383
0.008435964584350586
0.01813507080078125
0.00859975814819336
0.008634805679321289
0.006910085678100586
0.06330013275146484
0.06438088417053223
0.009364128112792969
0.007774829864501953
0.011873006820678711
0.009716987609863281
0.050874948501586914
0.010901927947998047
0.04763603210449219
0.07141304016113281
0.009804964065551758
0.007850170135498047
0.010081052780151367
0.01671886444091797
0.0664670467376709
0.061749935150146484
0.007434844970703125
0.0213468074798584
0.06036114692687988
0.009146928787231445
0.04884982109069824
0.009464025497436523
0.0077991485595703125
0.009339094161987305
0.07079410552978516
0.060510873794555664
0.05771374702453613
0.05915498733520508
0.009515047073364258
0.01616215705871582
0.007296085357666016
0.02338695526123047
0.008252859115600586
0.027632951736450195
0.009139299392700195
0.031036853790283203
0.06442093849182129
0.05690598487854004
0.00882577896118164
0.00957179069519043
0.05486321449279785
0.009788274765014648
0.011914968490600586
0.06654214859008789
0.008306264877319336
0.01495218276977539
0.010727882385253906
0.018284082412719727
0.00962686538696289
0.02851390838623047
0.09436893463134766
0.007559299468994141
0.007428884506225586
0.08795499801635742
0.058235883712768555
0.009762048721313477
0.012998104095458984
0.008194923400878906
0.006937980651855469
0.006918191909790039
0.04922080039978027
0.06787872314453125
0.059963226318359375
0.0694279670715332
0.00746607780456543
0.08040785789489746
0.008917808532714844
0.018123865127563477
create_account
0.06134295463562012
0.0095062255859375
0.017277956008911133
0.007992982864379883
0.009060144424438477
0.007776975631713867
0.00905919075012207
0.008831024169921875
0.04820394515991211
0.06850886344909668
0.06644606590270996
0.011288881301879883
0.00991201400756836
0.0074596405029296875
0.05771613121032715
0.007312774658203125
0.018599987030029297
0.007330179214477539
0.012305021286010742
0.05534791946411133
0.006608247756958008
0.011204719543457031
0.007857799530029297
0.009024858474731445
0.011509895324707031
0.039022207260131836
0.006805896759033203
0.008742094039916992
0.007906198501586914
0.03895688056945801
0.008769035339355469
0.04648399353027344
0.007750988006591797
0.007534980773925781
0.006912708282470703
0.006834983825683594
0.006499052047729492
0.007433891296386719
0.010016202926635742
0.055461883544921875
0.007345914840698242
0.029637813568115234
0.00675201416015625
0.008414983749389648
0.009330034255981445
0.007005929946899414
0.08406877517700195
0.06187582015991211
0.0067980289459228516
0.012563228607177734
0.007252931594848633
0.008763790130615234
0.03838300704956055
0.007616996765136719
0.0358119010925293
0.006640911102294922
0.014221668243408203
0.008494853973388672
0.00764012336730957
0.007989883422851562
0.041597843170166016
0.060629844665527344
0.052145957946777344
0.05767989158630371
0.00693511962890625
0.01526188850402832
0.007187843322753906
0.03244495391845703
0.010427713394165039
0.0071790218353271484
0.0077707767486572266
0.008006811141967773
0.053244829177856445
0.06596684455871582
0.009500980377197266
0.006410837173461914
0.04654717445373535
0.06853604316711426
0.06717991828918457
0.05979800224304199
0.009624004364013672
0.0071451663970947266
0.008507966995239258
0.009686946868896484
0.010062217712402344
0.03387188911437988
0.006625175476074219
0.008640050888061523
0.009119987487792969
0.011658906936645508
0.008016109466552734
0.03486013412475586
0.009032964706420898
0.013279914855957031
0.0690469741821289
0.010851144790649414
0.007071971893310547
0.006647825241088867
0.008534908294677734
0.005970001220703125
0.010853052139282227
0.013440847396850586
0.008400201797485352
0.007509946823120117
0.007291078567504883
0.04931902885437012
0.06632399559020996
0.007733821868896484
0.00763392448425293
0.008093118667602539
0.08954906463623047
0.06804203987121582
0.008094072341918945
0.010516881942749023
0.01036977767944336
0.00987100601196289
0.008832931518554688
0.011651039123535156
0.008291006088256836
0.007097959518432617
0.009081125259399414
0.008111238479614258
0.007209062576293945
0.007492780685424805
0.024691343307495117
0.008865118026733398
0.0234372615814209
0.008031845092773438
0.008502006530761719
0.08268213272094727
0.007444143295288086
0.010892152786254883
0.008226871490478516
0.02470707893371582
0.007326841354370117
0.028585195541381836
0.0076749324798583984
0.01129603385925293
0.00827479362487793
0.03654885292053223
0.008499860763549805
0.012961864471435547
0.006604909896850586
0.00921010971069336
0.008034944534301758
0.007025957107543945
0.05230903625488281
0.007247209548950195
0.015243053436279297
0.006188869476318359
0.08238506317138672
0.0072879791259765625
0.04349780082702637
0.008477210998535156
0.017377138137817383
0.0062711238861083984
0.030641794204711914
0.007596015930175781
0.01417398452758789
0.006379127502441406
0.1049799919128418
0.054743051528930664
0.012626886367797852
0.04342818260192871
0.006299734115600586
0.009284019470214844
0.009420156478881836
0.011373758316040039
0.04564404487609863
0.008328914642333984
0.00803995132446289
0.007915019989013672
0.006743907928466797
0.0075070858001708984
0.006677150726318359
0.007547140121459961
0.006232023239135742
0.06112313270568848
0.05533909797668457
0.05882120132446289
0.007874727249145508
0.017876863479614258
0.007962703704833984
0.021835803985595703
0.009350061416625977
0.022125720977783203
0.009217023849487305
0.012612104415893555
0.044347286224365234
0.00851297378540039
0.01517796516418457
0.007183074951171875
0.008745908737182617
0.007118940353393555
0.010514020919799805
0.009279012680053711
0.010466814041137695
0.04923200607299805
0.06412601470947266
0.06056094169616699
0.008195877075195312
0.012846946716308594
0.008703947067260742
0.018416881561279297
0.009910821914672852
0.006273031234741211
0.008519172668457031
0.011553049087524414
0.010315895080566406
0.024612903594970703
0.06754875183105469
0.010339021682739258
0.00892496109008789
0.007806062698364258
0.014396905899047852
0.009636163711547852
0.05067801475524902
0.008671998977661133
0.015364885330200195
0.00585484504699707
0.032781124114990234
0.05777597427368164
0.006720066070556641
0.009654045104980469
0.008003950119018555
0.008656978607177734
0.01036524772644043
0.01130223274230957
0.009638786315917969
0.007954835891723633
0.006737947463989258
0.00937795639038086
0.011217832565307617
0.006269931793212891
0.029421091079711914
0.0072901248931884766
0.01250004768371582
0.0074100494384765625
0.011108160018920898
0.009620189666748047
0.007342100143432617
0.06793403625488281
0.008826017379760742
0.010154008865356445
0.007252931594848633
0.009641885757446289
0.05175185203552246
0.007142305374145508
0.008756160736083984
0.043441057205200195
0.06745100021362305
0.006736040115356445
0.0206301212310791
0.06511998176574707
0.006465911865234375
0.009511947631835938
0.0073621273040771484
0.006836891174316406
0.007838010787963867
0.015176057815551758
0.006116151809692383
0.006014823913574219
0.012366771697998047
0.039785146713256836
0.06537294387817383
0.06013989448547363
0.05801701545715332
0.09359002113342285
0.011092901229858398
0.02165675163269043
0.06647109985351562
0.059088945388793945
0.0726311206817627
0.06330990791320801
0.007443904876708984
0.0864419937133789
0.006701231002807617
0.016415834426879883
0.008910894393920898
0.028161048889160156
0.06916594505310059
0.05893111228942871
0.009085893630981445
0.006769895553588867
0.0701291561126709
0.06000208854675293
0.007903814315795898
0.013377904891967773
0.007841110229492188
0.026520967483520508
0.007232189178466797
0.0073070526123046875
0.00885915756225586
0.008289098739624023
0.007248878479003906
0.04804825782775879
0.07274794578552246
0.0543520450592041
0.007509946823120117
0.0105133056640625
0.012241840362548828
0.04761385917663574
0.00783991813659668
0.007962226867675781
0.009193897247314453
0.03186321258544922
0.006846189498901367
0.006523847579956055
0.01073908805847168
0.007071971893310547
0.09746098518371582
0.010747909545898438
0.011343717575073242
0.007908105850219727
0.02603912353515625
0.0065920352935791016
0.006514310836791992
0.007760763168334961
0.008989095687866211
0.009153127670288086
0.007003068923950195
0.00797581672668457
0.05919814109802246
0.05908608436584473
0.05859184265136719
0.006779909133911133
0.008135318756103516
0.053479909896850586
0.06274986267089844
0.007074117660522461
0.013040781021118164
0.00798797607421875
0.009150028228759766
0.04237103462219238
0.008779048919677734
0.03524422645568848
0.050658226013183594
0.010055065155029297
0.008744001388549805
0.008959054946899414
0.010457992553710938
0.05209088325500488
0.0071299076080322266
0.00913095474243164
0.007674217224121094
0.007669925689697266
0.009553194046020508
0.00714874267578125
0.008583784103393555
0.017096281051635742
0.008992195129394531
0.02663397789001465
0.0626990795135498
0.05526614189147949
0.06825542449951172
0.008294820785522461
0.014123201370239258
0.0651240348815918
0.008430719375610352
0.01481008529663086
0.010955095291137695
0.060894012451171875
0.00827479362487793
0.019103050231933594
0.07291412353515625
0.007749319076538086
0.009085893630981445
0.00733494758605957
0.009981155395507812
0.007709980010986328
0.08384418487548828
0.09939193725585938
0.008288145065307617
0.007795810699462891
0.0064737796783447266
0.010983943939208984
0.04191303253173828
0.0072019100189208984
0.007920026779174805
0.007132291793823242
0.007384061813354492
0.009499073028564453
0.007589101791381836
0.01460886001586914
0.006083011627197266
0.008753061294555664
0.00994873046875
0.006942033767700195
0.01341700553894043
0.048043012619018555
0.010532855987548828
0.008025169372558594
0.006829023361206055
0.009743928909301758
0.01056814193725586
0.008548974990844727
0.010248184204101562
0.0631711483001709
0.0622868537902832
0.06177687644958496
0.008263349533081055
0.1936650276184082
0.008423805236816406
0.023119211196899414
0.008398771286010742
0.018136978149414062
0.0093841552734375
0.01902008056640625
0.06165027618408203
0.007528066635131836
0.008352041244506836
0.00846099853515625
0.009241104125976562
0.043636322021484375
0.006697893142700195
0.008757829666137695
0.006918907165527344
0.05234718322753906
0.007076263427734375
0.010886907577514648
0.006860017776489258
0.010843992233276367
0.0070269107818603516
0.04376101493835449
0.006930828094482422
0.017230987548828125
0.007810115814208984
0.025939226150512695
0.00957798957824707
0.03197526931762695
0.06761813163757324
0.009783029556274414
0.013383150100708008
0.06468605995178223
0.0634450912475586
0.010581016540527344
0.010445117950439453
0.011073827743530273
0.008099079132080078
0.04875588417053223
0.006654977798461914
0.02049708366394043
0.007545948028564453
0.030230045318603516
0.009334087371826172
0.009141921997070312
0.007642984390258789
0.007352113723754883
0.00877070426940918
0.008558988571166992
0.007338047027587891
0.00728917121887207
0.00789332389831543
0.009594917297363281
0.07595419883728027
0.05137014389038086
0.0630178451538086
0.007211923599243164
0.019617080688476562
0.010150909423828125
0.01123809814453125
0.05164313316345215
0.06019186973571777
0.01115107536315918
0.006942033767700195
0.008838176727294922
0.007278919219970703
0.0888221263885498
0.006860017776489258
0.007566213607788086
0.00843501091003418
0.01518702507019043
0.007918119430541992
0.028820037841796875
0.057804107666015625
0.007858991622924805
0.028975963592529297
0.00860905647277832
0.024505138397216797
0.007538795471191406
0.006932973861694336
0.039090871810913086
0.0069561004638671875
0.018446922302246094
0.007606983184814453
0.008532047271728516
0.0064699649810791016
0.009970903396606445
0.007883071899414062
0.013495922088623047
0.006470918655395508
0.011224031448364258
0.03970932960510254
0.06612992286682129
0.009998798370361328
0.008296966552734375
0.007743120193481445
0.008581161499023438
0.012644052505493164
0.07078123092651367
0.007256984710693359
0.05024123191833496
0.0059549808502197266
0.008218050003051758
0.009778976440429688
0.008021831512451172
0.008606910705566406
0.028528928756713867
0.056577205657958984
0.006139039993286133
0.010844945907592773
0.08607292175292969
0.007866859436035156
0.015253067016601562
0.06603002548217773
0.05958867073059082
0.06386733055114746
0.05769705772399902
0.056719064712524414
0.050041913986206055
0.06618285179138184
0.017136096954345703
0.0076751708984375
0.05779528617858887
0.006281852722167969
0.03963923454284668
0.009738922119140625
0.0913999080657959
0.008156061172485352
0.014930248260498047
0.009586811065673828
0.017935991287231445
0.006953001022338867
0.007761240005493164
0.008111238479614258
0.03189802169799805
0.05743598937988281
0.05559110641479492
0.06729483604431152
0.00820302963256836
0.017206907272338867
0.007980108261108398
0.027415990829467773
0.06648802757263184
0.008327960968017578
0.009002923965454102
0.03354072570800781
0.008019208908081055
0.013906002044677734
0.008015871047973633
0.0070590972900390625
0.01264810562133789
0.061981916427612305
0.0064618587493896484
0.009457111358642578
0.04821300506591797
0.007816791534423828
0.009044170379638672
0.0106201171875
0.006385326385498047
0.011812686920166016
0.0069561004638671875
0.009032964706420898
0.006819963455200195
0.013427972793579102
0.008583784103393555
0.018696308135986328
0.009049177169799805
0.03944706916809082
0.007701873779296875
0.019344091415405273
0.07179474830627441
0.0077550411224365234
0.008937835693359375
0.04920077323913574
0.0074350833892822266
0.026350975036621094
0.06121206283569336
0.007982015609741211
0.017767906188964844
0.007431983947753906
0.011198043823242188
0.008629083633422852
0.024445772171020508
0.06844735145568848
0.051338911056518555
0.00923013687133789
0.00926065444946289
0.006528139114379883
0.010854244232177734
0.006605863571166992
0.009821176528930664
0.00918126106262207
0.016763925552368164
0.007237911224365234
0.09182095527648926
0.006896018981933594
0.020437002182006836
0.0073511600494384766
0.02060103416442871
0.0065190792083740234
0.009316682815551758
0.09144210815429688
0.01056814193725586
0.008873939514160156
0.01164698600769043
0.03419995307922363
0.00820779800415039
0.011729240417480469
0.008358240127563477
0.028571128845214844
0.0638132095336914
0.05269122123718262
0.00724482536315918
0.008214950561523438
0.008583784103393555
0.009596109390258789
0.007615089416503906
0.0109710693359375
0.00687098503112793
0.014992952346801758
0.041802167892456055
0.008481025695800781
0.030513763427734375
0.011752843856811523
0.008170604705810547
0.006353139877319336
0.027826786041259766
0.007088184356689453
0.009955644607543945
0.010412931442260742
0.00751805305480957
0.00951695442199707
0.012454032897949219
0.016030073165893555
0.07288789749145508
0.04779219627380371
0.06499791145324707
0.06341314315795898
0.008728981018066406
0.01061105728149414
0.0075876712799072266
0.09667491912841797
0.00938105583190918
0.007812023162841797
0.007252931594848633
0.007447004318237305
0.006883859634399414
0.04092907905578613
0.06101512908935547
0.057795047760009766
0.006742238998413086
0.016031980514526367
0.010315656661987305
0.007482051849365234
0.00872182846069336
0.006572246551513672
0.007519960403442383
0.05829000473022461
0.07213091850280762
0.0072021484375
0.009642839431762695
0.007906913757324219
0.007415056228637695
0.008731365203857422
0.007057905197143555
0.007487058639526367
0.008122920989990234
0.018246173858642578
0.07318711280822754
0.04941892623901367
0.06167912483215332
0.1593470573425293
0.006536006927490234
0.02454400062561035
0.007838249206542969
0.007336139678955078
0.009701013565063477
0.04843902587890625
0.008978843688964844
0.014076948165893555
0.007972955703735352
0.03834223747253418
0.0597531795501709
0.00795888900756836
0.009878158569335938
0.006599903106689453
0.0262300968170166
0.0683741569519043
0.009865999221801758
0.01087808609008789
0.007400989532470703
0.013101816177368164
0.0064029693603515625
0.03143501281738281
0.009942054748535156
0.04542899131774902
0.05667901039123535
0.07549500465393066
0.007586002349853516
0.009735822677612305
0.006964206695556641
0.03831624984741211
0.007570981979370117
0.01964092254638672
0.007069826126098633
0.03196573257446289
0.007221698760986328
0.020966053009033203
0.006802797317504883
0.02639603614807129
0.008865833282470703
0.015035152435302734
0.01215219497680664
0.0391850471496582
0.05646991729736328
0.010052919387817383
0.009623050689697266
0.008213043212890625
0.006491899490356445
0.052546024322509766
0.006569862365722656
0.016329050064086914
0.00895380973815918
0.03093719482421875
0.009399175643920898
0.008880853652954102
0.08618378639221191
0.007761955261230469
0.0075991153717041016
0.006787776947021484
0.009918212890625
0.062064170837402344
0.00850367546081543
0.019967079162597656
0.06597590446472168
0.00880885124206543
0.010174989700317383
0.04629683494567871
0.008363008499145508
0.016225099563598633
0.013046979904174805
0.0074310302734375
0.007216691970825195
0.05189824104309082
0.05893421173095703
0.06811809539794922
0.00823211669921875
0.010233640670776367
0.042017221450805664
0.0069980621337890625
0.015321969985961914
0.006738901138305664
0.011504888534545898
0.018563032150268555
0.04239010810852051
0.006567955017089844
0.008175849914550781
0.05432701110839844
0.07277989387512207
0.057740211486816406
0.06033682823181152
0.011846303939819336
0.048913002014160156
0.05555582046508789
0.008107185363769531
0.011587858200073242
0.06059098243713379
0.00718998908996582
0.032922983169555664
0.007909774780273438
0.013083934783935547
0.06555414199829102
0.009185075759887695
0.031073808670043945
0.008795022964477539
0.0077440738677978516
0.010530948638916016
0.006982088088989258
0.0073473453521728516
0.0071218013763427734
0.05416703224182129
0.007091999053955078
0.028588056564331055
0.006962776184082031
0.026967763900756836
0.06198287010192871
0.007619142532348633
0.012923955917358398
0.07050704956054688
0.007451772689819336
0.01281118392944336
0.06758904457092285
0.19404125213623047
0.009062767028808594
0.037808895111083984
0.006777763366699219
0.00860905647277832
0.008209943771362305
0.008400201797485352
0.00704193115234375
0.01635289192199707
0.008768081665039062
0.02903914451599121
0.009493589401245117
0.008020877838134766
0.007355928421020508
0.022045373916625977
0.06901097297668457
0.011650800704956055
0.009006023406982422
0.009744882583618164
0.02526402473449707
0.008744955062866211
0.0070362091064453125
0.009053945541381836
0.04079484939575195
0.07122802734375
0.05239510536193848
0.007824897766113281
0.007131099700927734
0.007522106170654297
0.031983137130737305
0.08756303787231445
0.053392887115478516
0.059301137924194336
0.00872492790222168
0.0069272518157958984
0.006020069122314453
0.007148027420043945
0.019574880599975586
0.00706171989440918
0.017286062240600586
0.0073359012603759766
0.02028799057006836
0.00755000114440918
0.03646993637084961
0.007630109786987305
0.007712125778198242
0.06153106689453125
0.06131577491760254
0.007140636444091797
0.031224966049194336
0.010003089904785156
0.007071971893310547
0.00687098503112793
0.02137303352355957
0.07456207275390625
0.06258773803710938
0.00889134407043457
0.007258176803588867
0.008632183074951172
0.007972002029418945
0.01015925407409668
0.007225990295410156
0.03791308403015137
0.009057998657226562
0.0113372802734375
0.05221199989318848
0.061287879943847656
0.008966922760009766
0.012081146240234375
0.0082550048828125
0.010856151580810547
0.046330928802490234
0.06737422943115234
0.05505204200744629
0.006299734115600586
0.007898092269897461
0.009773015975952148
0.007437944412231445
0.054727792739868164
0.011285066604614258
0.04144406318664551
0.007535219192504883
0.011992931365966797
0.012486696243286133
0.0077931880950927734
0.011547088623046875
0.03411102294921875
0.0644838809967041
0.006418943405151367
0.007197856903076172
0.007634878158569336
0.011910200119018555
0.06300902366638184
0.0070667266845703125
0.017426013946533203
0.0652773380279541
0.07044386863708496
0.006495952606201172
0.015434980392456055
0.010049104690551758
0.022001028060913086
0.06618094444274902
0.008116960525512695
0.03183412551879883
0.005767107009887695
0.022613048553466797
0.0073850154876708984
0.01599717140197754
0.00887608528137207
0.015022039413452148
0.007470130920410156
0.015629053115844727
0.009981870651245117
0.009025812149047852
0.0078089237213134766
0.007040977478027344
0.006638050079345703
0.008512020111083984
0.007195234298706055
0.00698089599609375
0.009130001068115234
0.02121591567993164
0.011627197265625
0.008163213729858398
0.00806283950805664
0.010669708251953125
0.06478095054626465
0.008786201477050781
0.011972904205322266
0.007707834243774414
0.01401066780090332
0.01164388656616211
0.008365154266357422
0.00835418701171875
0.008572816848754883
0.007688045501708984
0.007886171340942383
0.05804896354675293
0.006916046142578125
0.00939321517944336
0.04967689514160156
0.0568547248840332
0.06465888023376465
0.009946107864379883
0.0180819034576416
0.008357048034667969
0.01825094223022461
0.0069577693939208984
0.01365804672241211
0.07657790184020996
0.007380008697509766
0.19215822219848633
0.007974863052368164
0.024324893951416016
0.07197213172912598
0.09407281875610352
0.007277965545654297
0.009101152420043945
0.006529092788696289
0.007285118103027344
0.006609916687011719
0.0074977874755859375
0.007421970367431641
0.038635969161987305
0.007127046585083008
0.011938095092773438
0.007456064224243164
0.0067501068115234375
0.008179903030395508
0.00881195068359375
0.056233882904052734
0.006294965744018555
0.015421152114868164
0.00762176513671875
0.02190709114074707
0.006468057632446289
0.0258328914642334
0.06709790229797363
0.008108139038085938
0.008230209350585938
0.007720947265625
0.19087934494018555
0.008109092712402344
0.019922256469726562
0.06074190139770508
0.006443977355957031
0.08395218849182129
0.00734400749206543
0.04273796081542969
0.04775214195251465
0.06494617462158203
0.0078089237213134766
0.011641979217529297
0.0073359012603759766
0.022574901580810547
0.007925987243652344
0.009102106094360352
0.008862972259521484
0.01276397705078125
0.0513300895690918
0.006059169769287109
0.0067179203033447266
0.008200883865356445
0.02756190299987793
0.006828784942626953
0.013617992401123047
0.06863999366760254
invoke-query
0.012130260467529297
peer0.org1.example.com, query
0.006597042083740234
0.009060144424438477
0.007752895355224609
0.008494853973388672
0.008086919784545898
0.00810384750366211
0.01084280014038086
0.007616996765136719
0.007961034774780273
0.006918191909790039
0.008526086807250977
0.007297039031982422
0.007721900939941406
0.009511947631835938
0.008121252059936523
0.0067479610443115234
0.0076138973236083984
0.007590770721435547
0.009042978286743164
0.007733821868896484
0.007982015609741211
0.009666919708251953
0.008890151977539062
0.007668018341064453
0.008833169937133789
0.007769107818603516
0.007055997848510742
0.0074541568756103516
0.00827479362487793
0.007425069808959961
0.00814509391784668
0.007759809494018555
0.008934974670410156
0.008131027221679688
0.008455991744995117
0.009685993194580078
0.008897066116333008
0.0067899227142333984
0.007188081741333008
0.006855964660644531
0.007462024688720703
0.007995128631591797
0.0076563358306884766
0.0077970027923583984
0.009747982025146484
0.008871078491210938
0.0072710514068603516
0.0072481632232666016
0.007884979248046875
0.007420063018798828
0.007200956344604492
0.007061958312988281
0.009254932403564453
0.01163172721862793
0.008030176162719727
0.009157896041870117
0.009341001510620117
0.007924079895019531
0.007375001907348633
0.008610725402832031
0.007904767990112305
0.009085893630981445
0.006928920745849609
0.011593103408813477
0.007628917694091797
0.009348154067993164
0.0072078704833984375
0.008360147476196289
0.008107900619506836
0.006808042526245117
0.009202241897583008
0.006988048553466797
0.007158994674682617
0.0077092647552490234
0.0077669620513916016
0.009109973907470703
0.007532835006713867
0.007254123687744141
0.009234189987182617
0.007238864898681641
0.0068819522857666016
0.007858037948608398
0.008502006530761719
0.011059999465942383
0.01061391830444336
0.010078907012939453
0.007771015167236328
0.009019851684570312
0.0072939395904541016
0.007369041442871094
0.008023977279663086
0.007470130920410156
0.00783085823059082
0.0070803165435791016
0.009163141250610352
0.008772134780883789
0.008116006851196289
0.00996708869934082
0.007570981979370117
0.0070307254791259766
0.007308006286621094
0.007838010787963867
0.007420063018798828
0.009222269058227539
0.007605075836181641
0.008808135986328125
0.006964921951293945
0.007572174072265625
0.00674891471862793
0.007776021957397461
0.0076160430908203125
0.008466958999633789
0.010196208953857422
0.0066869258880615234
0.007026195526123047
0.007298946380615234
0.006480216979980469
0.00695490837097168
0.0073680877685546875
0.011914968490600586
0.008301019668579102
0.007833242416381836
0.007743120193481445
0.00785374641418457
0.007478952407836914
0.006871223449707031
0.008183002471923828
0.006909847259521484
0.007125139236450195
0.008567094802856445
0.008332967758178711
0.0073010921478271484
0.008591890335083008
0.00698089599609375
0.008543014526367188
0.007876157760620117
0.008446931838989258
0.008125066757202148
0.007946014404296875
0.006945133209228516
0.00904703140258789
0.007360935211181641
0.007786989212036133
0.009515762329101562
0.007980108261108398
0.007317066192626953
0.008089780807495117
0.007104158401489258
0.007447957992553711
0.0068318843841552734
0.007672786712646484
0.007142066955566406
0.007849931716918945
0.009053945541381836
0.008884906768798828
0.00772404670715332
0.008146047592163086
0.00751495361328125
0.007632017135620117
0.0073451995849609375
0.009204864501953125
0.008027791976928711
0.007460117340087891
0.010077953338623047
0.007835865020751953
0.0072519779205322266
0.006906032562255859
0.008340120315551758
0.007200002670288086
0.009451150894165039
0.009563207626342773
0.0073511600494384766
0.00688624382019043
0.006815910339355469
0.007828235626220703
0.008299112319946289
0.008313179016113281
0.012279987335205078
0.007295131683349609
0.008085966110229492
0.00671696662902832
0.00751495361328125
0.007210969924926758
0.009727001190185547
0.0070188045501708984
0.007482767105102539
0.008367061614990234
0.007781982421875
0.007687091827392578
0.0076029300689697266
0.010743141174316406
0.008279800415039062
0.008248090744018555
0.009287834167480469
0.007109880447387695
0.0073549747467041016
0.007384777069091797
0.00748896598815918
0.008832931518554688
0.007988929748535156
0.007218837738037109
0.009957075119018555
0.007546901702880859
0.007352113723754883
0.00745081901550293
0.008599042892456055
0.007566213607788086
0.00853729248046875
0.0080718994140625
0.008726835250854492
0.007503032684326172
0.00881505012512207
0.008800029754638672
0.008188247680664062
0.007022857666015625
0.008477926254272461
0.010481834411621094
0.009327888488769531
0.007441043853759766
0.008528947830200195
0.008356094360351562
0.009211063385009766
0.008913040161132812
0.007230997085571289
0.012119770050048828
0.007921934127807617
0.009119987487792969
0.009378910064697266
0.008384943008422852
0.008150100708007812
0.009107351303100586
0.00810694694519043
0.009212255477905273
0.007460832595825195
0.007276058197021484
0.0074520111083984375
0.007749795913696289
0.009821891784667969
0.00818014144897461
0.0074880123138427734
0.009437799453735352
0.007272958755493164
0.007305145263671875
0.0068950653076171875
0.00869894027709961
0.009284734725952148
0.008648872375488281
0.008542060852050781
0.006638050079345703
0.008776187896728516
0.008165121078491211
0.00864100456237793
0.00999903678894043
0.009235858917236328
0.010342836380004883
0.00690913200378418
0.009599924087524414
0.007508993148803711
0.008605003356933594
0.0075151920318603516
0.0072329044342041016
0.008755207061767578
0.007625102996826172
0.00719904899597168
0.010100126266479492
0.007941007614135742
0.00710296630859375
0.007169008255004883
0.01014089584350586
0.008116006851196289
0.008265018463134766
0.006799936294555664
0.008354902267456055
0.008952140808105469
0.008065938949584961
0.0077800750732421875
0.008136987686157227
0.008314847946166992
0.007047176361083984
0.009450197219848633
0.007281780242919922
0.007230043411254883
0.007445812225341797
0.007008075714111328
0.007287025451660156
0.0072171688079833984
0.00851583480834961
0.007061004638671875
0.007145881652832031
0.006929159164428711
0.007318735122680664
0.007809877395629883
0.007951021194458008
0.007364034652709961
0.008089780807495117
0.008524894714355469
0.007680654525756836
0.008332967758178711
0.007782936096191406
0.009057044982910156
0.007674694061279297
0.00810384750366211
0.009256124496459961
0.007484912872314453
0.01681828498840332
0.008276939392089844
0.012006044387817383
0.009368181228637695
0.008035898208618164
0.00671696662902832
0.009769916534423828
0.0073659420013427734
0.007736921310424805
0.007559061050415039
0.009422779083251953
0.007927179336547852
0.007077217102050781
0.007153987884521484
0.00756382942199707
0.008961200714111328
0.009756088256835938
0.008484125137329102
0.008117914199829102
0.008073091506958008
0.009070873260498047
0.0073010921478271484
0.007773876190185547
0.008095979690551758
0.007678985595703125
0.007595062255859375
0.007024049758911133
0.006709098815917969
0.007873058319091797
0.007930755615234375
0.008554935455322266
0.010081768035888672
0.009597063064575195
0.008258819580078125
0.0074367523193359375
0.007305145263671875
0.007646083831787109
0.007917642593383789
0.00954437255859375
0.010581016540527344
0.009031057357788086
0.009222984313964844
0.008434057235717773
0.006640195846557617
0.007812976837158203
0.010236024856567383
0.0071659088134765625
0.0075457096099853516
0.007509946823120117
0.008070945739746094
0.007688999176025391
0.008493900299072266
0.006976127624511719
0.011275053024291992
0.00812077522277832
0.008325815200805664
0.0076389312744140625
0.007672786712646484
0.008101940155029297
0.008259057998657227
0.009376049041748047
0.006868124008178711
0.007299184799194336
0.007397890090942383
0.007203102111816406
0.00984501838684082
0.008118629455566406
0.007566213607788086
0.00813603401184082
0.007873058319091797
0.00775599479675293
0.008412837982177734
0.008391141891479492
0.008508920669555664
0.009420156478881836
0.007243156433105469
0.012984275817871094
0.009392261505126953
0.01106119155883789
0.008667230606079102
0.008378744125366211
0.007912874221801758
0.00637507438659668
0.007040977478027344
0.010116815567016602
0.008730888366699219
0.010235071182250977
0.00981593132019043
0.007397890090942383
0.007061004638671875
0.009196043014526367
0.008430719375610352
0.007111072540283203
0.007230997085571289
0.0074939727783203125
0.008244991302490234
0.006637096405029297
0.007328987121582031
0.006796121597290039
0.00725102424621582
0.00706791877746582
0.008114814758300781
0.009510040283203125
0.007715940475463867
0.008473873138427734
0.00738978385925293
0.007688999176025391
0.007432222366333008
0.007992744445800781
0.0076749324798583984
0.008944034576416016
0.008313894271850586
0.008161067962646484
0.007508993148803711
0.006982326507568359
0.007136106491088867
0.0071849822998046875
0.007550954818725586
0.007870912551879883
0.006468057632446289
0.007865190505981445
0.008371114730834961
0.008703947067260742
0.00906229019165039
0.008449077606201172
0.008634090423583984
0.012727975845336914
0.0076198577880859375
0.008111000061035156
0.011713027954101562
0.009917020797729492
0.0075893402099609375
0.007683753967285156
0.010550737380981445
0.007216691970825195
0.011730194091796875
0.009217023849487305
0.007811784744262695
0.00813603401184082
0.009055852890014648
0.007501840591430664
0.008867740631103516
0.008192777633666992
0.008192062377929688
0.008210897445678711
0.007584095001220703
0.006558895111083984
0.007570028305053711
0.007673978805541992
0.007905006408691406
0.008935928344726562
0.008731842041015625
0.009026050567626953
0.008026838302612305
0.007383823394775391
0.007879972457885742
0.007788896560668945
0.008122920989990234
0.008357763290405273
0.008060932159423828
0.007662773132324219
0.0070037841796875
0.010017156600952148
0.00772404670715332
0.00911402702331543
0.007782936096191406
0.00757598876953125
0.007012128829956055
0.00872492790222168
0.006878376007080078
0.0069408416748046875
0.008651018142700195
0.00755000114440918
0.0070950984954833984
0.009015083312988281
0.008005857467651367
0.007272005081176758
0.007135152816772461
0.007442951202392578
0.0070400238037109375
0.007485866546630859
0.00728607177734375
0.008085012435913086
0.008389949798583984
0.00797581672668457
0.008743762969970703
0.008432149887084961
0.0091400146484375
0.008051872253417969
0.009901046752929688
0.008269071578979492
0.008628129959106445
0.009181022644042969
0.007380962371826172
0.007220029830932617
0.0088348388671875
0.011464118957519531
0.008033037185668945
0.007786989212036133
0.007421970367431641
0.010282039642333984
0.009222030639648438
0.008078813552856445
0.0076141357421875
0.006896257400512695
0.007243156433105469
0.006627798080444336
0.009804010391235352
0.008279085159301758
0.009092092514038086
0.009221076965332031
0.008336067199707031
0.007005929946899414
0.00728607177734375
0.006903171539306641
0.006991147994995117
0.00763392448425293
0.00782012939453125
0.008019208908081055
0.007250070571899414
0.007888078689575195
0.0077130794525146484
0.006868124008178711
0.007289886474609375
0.009681224822998047
0.008226156234741211
0.007768869400024414
0.0076999664306640625
0.008074045181274414
0.008088827133178711
0.008968114852905273
0.007760763168334961
0.009411096572875977
0.008381128311157227
0.009804964065551758
0.008270740509033203
0.009144067764282227
0.008704900741577148
0.008085966110229492
0.008376598358154297
0.009181022644042969
0.00710606575012207
0.00728607177734375
0.007179975509643555
0.007355928421020508
0.008796930313110352
0.007421970367431641
0.008266925811767578
0.006412982940673828
0.007412910461425781
0.007170915603637695
0.008898019790649414
0.007616996765136719
0.007318973541259766
0.010734081268310547
0.0077478885650634766
0.0074651241302490234
0.008473873138427734
0.007279157638549805
0.007290840148925781
0.009215116500854492
0.009200811386108398
0.007261037826538086
0.008613824844360352
0.008217811584472656
0.0074160099029541016
0.009118080139160156
0.009521961212158203
0.007040977478027344
0.008610010147094727
0.007825851440429688
0.008962154388427734
0.00942373275756836
0.00774693489074707
0.007734060287475586
0.007128000259399414
0.006738901138305664
0.007315874099731445
0.007861137390136719
0.010367870330810547
0.008630037307739258
0.010022163391113281
0.009034156799316406
0.00860905647277832
0.006845951080322266
0.009567022323608398
0.00673985481262207
0.0077321529388427734
0.007009983062744141
0.008839845657348633
0.006976127624511719
0.007139682769775391
0.007477998733520508
0.007892131805419922
0.00997304916381836
0.0072557926177978516
0.007879972457885742
0.00728297233581543
0.0071561336517333984
0.007564067840576172
0.007982015609741211
0.011364936828613281
0.010124921798706055
0.00924372673034668
0.008726835250854492
0.007380247116088867
0.008533000946044922
0.00966191291809082
0.008394002914428711
0.007325887680053711
0.008952856063842773
0.008340835571289062
0.006948232650756836
0.008632183074951172
0.007960081100463867
0.007380962371826172
0.008495092391967773
0.007684946060180664
0.008884191513061523
0.008041858673095703
0.00990605354309082
0.009524822235107422
0.006675243377685547
0.008796215057373047
0.00923013687133789
0.0075490474700927734
0.007961273193359375
0.008537054061889648
0.009376049041748047
0.008440256118774414
0.015207052230834961
0.008204936981201172
0.007467031478881836
0.007184028625488281
0.012704849243164062
0.0073320865631103516
0.007972955703735352
0.007182121276855469
0.007135868072509766
0.006927013397216797
0.007170200347900391
0.00678706169128418
0.006767988204956055
0.007424831390380859
0.00674891471862793
0.007621049880981445
0.007735729217529297
0.007684946060180664
0.008352994918823242
0.009469985961914062
0.0071909427642822266
0.009029865264892578
0.008676767349243164
0.009698867797851562
0.0077288150787353516
0.008494138717651367
0.008700847625732422
0.0070590972900390625
0.007751941680908203
0.007922887802124023
0.012307882308959961
0.006989955902099609
0.008332967758178711
0.006844282150268555
0.007887125015258789
0.008629083633422852
0.008491039276123047
0.00861215591430664
0.007934331893920898
0.0087890625
0.008930206298828125
0.007539987564086914
0.008600234985351562
0.008064985275268555
0.007943868637084961
0.006981849670410156
0.006902217864990234
0.011300086975097656
0.007921934127807617
0.009284019470214844
0.007750034332275391
0.007925033569335938
0.007952213287353516
0.008455991744995117
0.007809638977050781
0.010820865631103516
0.007682085037231445
0.007878780364990234
0.0074541568756103516
0.007925033569335938
0.007676124572753906
0.007974863052368164
0.007840871810913086
0.007887840270996094
0.007045745849609375
0.008002042770385742
0.0073778629302978516
0.006941080093383789
0.010004043579101562
0.007673025131225586
0.00831913948059082
0.007294178009033203
0.008069276809692383
0.008170127868652344
0.0072841644287109375
0.01705312728881836
0.007836341857910156
0.00718998908996582
0.007688999176025391
0.0077741146087646484
0.00750279426574707
0.007205963134765625
0.007790088653564453
0.010233879089355469
0.008282899856567383
0.010591268539428711
0.008009910583496094
0.008304119110107422
0.006757974624633789
0.008521080017089844
0.008791923522949219
0.010532140731811523
0.007415771484375
0.008104085922241211
0.009854793548583984
0.007797956466674805
0.0078067779541015625
0.0077037811279296875
0.009614229202270508
0.007613182067871094
0.007963895797729492
0.006779909133911133
0.007880926132202148
0.0077970027923583984
0.007966995239257812
0.00738215446472168
0.00728917121887207
0.007708072662353516
0.00773310661315918
0.008003711700439453
0.01020503044128418
0.007536888122558594
0.008935928344726562
0.0073130130767822266
0.007077217102050781
0.0077419281005859375
0.008524656295776367
0.008935928344726562
0.008087873458862305
0.008780717849731445
0.008667945861816406
0.009523868560791016
0.007750272750854492
0.008921146392822266
0.008352041244506836
0.010856866836547852
0.008398056030273438
0.00862264633178711
0.006955862045288086
0.008929967880249023
0.0066678524017333984
0.00870513916015625
0.008166074752807617
0.010109901428222656
0.008344173431396484
0.00727391242980957
0.006984233856201172
0.00916600227355957
0.008006811141967773
0.007820844650268555
0.00801396369934082
0.007562875747680664
0.007083892822265625
0.008288145065307617
0.007333993911743164
0.007877826690673828
0.008250713348388672
0.007751941680908203
0.0071260929107666016
0.00728297233581543
0.008126258850097656
0.009176015853881836
0.00884699821472168
0.008890151977539062
0.007556915283203125
0.007463932037353516
0.006990909576416016
0.010017156600952148
0.006863117218017578
0.008082866668701172
0.007817983627319336
0.0077288150787353516
0.00834798812866211
0.009158134460449219
0.007973194122314453
0.007376909255981445
0.0067958831787109375
0.009979248046875
0.008785009384155273
0.007053852081298828
0.010228157043457031
0.007116079330444336
0.012848854064941406
0.008656024932861328
0.0076141357421875
0.007876157760620117
0.008092880249023438
0.008341073989868164
0.006937980651855469
0.006936073303222656
0.00770878791809082
0.008398771286010742
0.007463216781616211
0.007732391357421875
0.008410215377807617
0.007180929183959961
0.007809877395629883
0.007200002670288086
0.00799107551574707
0.008220195770263672
0.008065938949584961
0.009127140045166016
0.007433891296386719
0.0066449642181396484
0.00824594497680664
0.006855964660644531
0.007341146469116211
0.009083271026611328
0.00885772705078125
0.007661104202270508
0.007483959197998047
0.007617950439453125
0.00782322883605957
0.006886720657348633
0.008740901947021484
0.00765228271484375
0.007720947265625
0.007779121398925781
0.007216215133666992
0.007440805435180664
0.007421970367431641
0.010000228881835938
0.009185075759887695
0.007813215255737305
0.009540081024169922
0.007620811462402344
0.009771108627319336
0.00909113883972168
0.007912874221801758
0.007596015930175781
0.008934259414672852
0.007509946823120117
0.008816242218017578
0.007554054260253906
0.006634950637817383
0.006975412368774414
0.007281064987182617
0.00785517692565918
0.008629083633422852
0.0073239803314208984
0.0069561004638671875
0.00879669189453125
0.008818864822387695
0.0077381134033203125
0.008826017379760742
0.007526874542236328
0.007828950881958008
0.007884979248046875
0.007276058197021484
0.010321855545043945
0.007959127426147461
0.007333278656005859
0.008785247802734375
0.007562875747680664
0.006925106048583984
0.0077190399169921875
0.008100748062133789
0.007913827896118164
0.007498979568481445
0.0076558589935302734
0.01016378402709961
0.007922172546386719
0.007116079330444336
0.008674860000610352
0.009270906448364258
0.00712895393371582
0.007849931716918945
0.007413148880004883
0.007391929626464844
0.007293224334716797
0.00807809829711914
0.00721430778503418
0.007174253463745117
0.006990194320678711
0.009325027465820312
0.010894775390625
0.008172988891601562
0.007329225540161133
0.008373022079467773
0.008149147033691406
0.0075070858001708984
0.007181882858276367
0.009612798690795898
0.008604764938354492
0.009321928024291992
0.008875846862792969
0.009186029434204102
0.006810903549194336
0.007437944412231445
0.00800776481628418
0.008234024047851562
0.008154869079589844
0.007112979888916016
0.010442018508911133
0.009122133255004883
0.009243965148925781
0.007984161376953125
0.008092164993286133
0.008322000503540039
0.007728099822998047
0.007964849472045898
0.009312868118286133
0.013199090957641602
0.007475852966308594
0.0076711177825927734
0.007509708404541016
0.008112907409667969
0.008759021759033203
0.009640932083129883
0.007699012756347656
0.00798797607421875
0.008521318435668945
0.00963902473449707
0.007467031478881836
0.007210969924926758
0.008135795593261719
0.007061958312988281
0.010174989700317383
0.00886082649230957
0.007591724395751953
0.008488893508911133
0.009570837020874023
0.00701904296875
0.008363008499145508
0.009032964706420898
0.007302999496459961
0.0075490474700927734
0.00959014892578125
0.012122869491577148
0.008395910263061523
0.009950876235961914
0.007193088531494141
0.007267951965332031
0.008867979049682617
0.00708317756652832
0.007236003875732422
0.007911205291748047
0.007834911346435547
0.006916999816894531
0.008358001708984375
0.007359981536865234
0.007838964462280273
0.006725788116455078
0.006822347640991211
0.008881092071533203
0.010825872421264648
0.008280038833618164
0.006632089614868164
0.009025096893310547
0.006925106048583984
0.007401943206787109
0.009975910186767578
0.00995182991027832
0.007692098617553711
0.00674891471862793
0.008421897888183594
0.007089138031005859
0.008049964904785156
0.007512092590332031
0.007896900177001953
0.007501840591430664
0.009351253509521484
0.0071451663970947266
0.00879216194152832
0.009514093399047852
0.007966995239257812
0.008220195770263672
0.009028911590576172
0.007766008377075195
0.007706165313720703
0.008437156677246094
0.007575035095214844
0.007327079772949219
0.007539987564086914
0.00824594497680664
0.00759124755859375
deposit_checking
0.009356975555419922
0.009946107864379883
0.010161161422729492
0.008318901062011719
0.01040792465209961
0.009795188903808594
0.00952005386352539
0.010130167007446289
0.009136199951171875
0.008326053619384766
0.008553028106689453
0.009123802185058594
0.0077190399169921875
0.008766889572143555
0.009491205215454102
0.011516809463500977
0.009211063385009766
0.009604930877685547
0.009389877319335938
0.008962631225585938
0.008834123611450195
0.01002192497253418
0.00875401496887207
0.00957489013671875
0.007750272750854492
0.00795602798461914
0.007922887802124023
0.012305974960327148
0.008647918701171875
0.009124994277954102
0.008791923522949219
0.009325027465820312
0.009141921997070312
0.01150202751159668
0.008570194244384766
0.00921487808227539
0.008285999298095703
0.008814096450805664
0.010793209075927734
0.00874018669128418
0.01016688346862793
0.008830070495605469
0.008043050765991211
0.009668111801147461
0.00847315788269043
0.009558916091918945
0.008925199508666992
0.011368274688720703
0.008913040161132812
0.009128093719482422
0.008608341217041016
0.007735013961791992
0.01291513442993164
0.008260011672973633
0.010483026504516602
0.008029937744140625
0.008273124694824219
0.01283717155456543
0.010277032852172852
0.008744001388549805
0.010153055191040039
0.00929570198059082
0.008521080017089844
0.009495019912719727
0.008878946304321289
0.009392261505126953
0.008832931518554688
0.008742332458496094
0.010077953338623047
0.008814811706542969
0.012468099594116211
0.007843017578125
0.00891876220703125
0.009473085403442383
0.009788036346435547
0.009861230850219727
0.009674072265625
0.00847172737121582
0.008414983749389648
0.008326053619384766
0.008538007736206055
0.009164810180664062
0.007727146148681641
0.009063959121704102
0.010651111602783203
0.008091211318969727
0.009044885635375977
0.008992910385131836
0.008867979049682617
0.00955510139465332
0.008728981018066406
0.008653879165649414
0.010053873062133789
0.009786844253540039
0.008443117141723633
0.012119054794311523
0.008125066757202148
0.008426189422607422
0.008645057678222656
0.008559942245483398
0.00845193862915039
0.009429931640625
0.009222745895385742
0.010072708129882812
0.00890803337097168
0.008332014083862305
0.008714914321899414
0.00904226303100586
0.008299827575683594
0.008606910705566406
0.009431123733520508
0.009662151336669922
0.010591983795166016
0.009839057922363281
0.010360956192016602
0.009377002716064453
0.009636878967285156
0.009080171585083008
0.011878252029418945
0.009317874908447266
0.008930206298828125
0.007533073425292969
0.008711814880371094
0.00864100456237793
0.008065938949584961
0.009432077407836914
0.00969696044921875
0.01064920425415039
0.010946989059448242
0.008949041366577148
0.007854938507080078
0.008381128311157227
0.01014399528503418
0.009177207946777344
0.009432077407836914
0.008138179779052734
0.008539915084838867
0.009841203689575195
0.011229276657104492
0.008488178253173828
0.009994983673095703
0.00823211669921875
0.010552167892456055
0.009656667709350586
0.010551929473876953
0.013257265090942383
0.00840902328491211
0.010042905807495117
0.008599042892456055
0.009196043014526367
0.010303020477294922
0.009203195571899414
0.008804082870483398
0.008373022079467773
0.010637044906616211
0.00868678092956543
0.008468866348266602
0.010030746459960938
0.007879972457885742
0.008515119552612305
0.009804964065551758
0.014735937118530273
0.008992671966552734
0.009121894836425781
0.008491992950439453
0.008627891540527344
0.008511781692504883
0.007612943649291992
0.008396625518798828
0.009298324584960938
0.009223222732543945
0.011358976364135742
0.011230230331420898
0.00838327407836914
0.008804798126220703
0.012675046920776367
0.007978677749633789
0.011207818984985352
0.009727001190185547
0.008157968521118164
0.0088348388671875
0.009412288665771484
0.009720087051391602
0.00982522964477539
0.011819124221801758
0.009857892990112305
0.009902238845825195
0.008314132690429688
0.010408878326416016
0.00950479507446289
0.008624792098999023
0.009356975555419922
0.008539915084838867
0.009528160095214844
0.008784770965576172
0.008511066436767578
0.009157180786132812
0.009603023529052734
0.01129913330078125
0.00919795036315918
0.009783029556274414
0.008459806442260742
0.00886392593383789
0.009612798690795898
0.012072086334228516
0.009440183639526367
0.009517908096313477
0.008804082870483398
0.009295940399169922
0.008327960968017578
0.008667945861816406
0.009594202041625977
0.00876617431640625
0.008121013641357422
0.011324167251586914
0.009306907653808594
0.008746623992919922
0.008250951766967773
0.008635997772216797
0.009669065475463867
0.00849008560180664
0.008521080017089844
0.008991241455078125
0.010003805160522461
0.00849604606628418
0.009775876998901367
0.008716106414794922
0.008291006088256836
0.008967876434326172
0.008800983428955078
0.008655309677124023
0.008684158325195312
0.009248018264770508
0.008774042129516602
0.00861501693725586
0.009238719940185547
0.009366035461425781
0.009580135345458984
0.010235786437988281
0.008839130401611328
0.008310079574584961
0.008323907852172852
0.008056879043579102
0.008803606033325195
0.009027957916259766
0.009610891342163086
0.009999990463256836
0.009523391723632812
0.008563995361328125
0.007563114166259766
0.009006977081298828
0.012194156646728516
0.008564949035644531
0.01131892204284668
0.007797956466674805
0.00909113883972168
0.009879827499389648
0.008442163467407227
0.009465217590332031
0.009123086929321289
0.008306264877319336
0.007847070693969727
0.009824991226196289
0.010879039764404297
0.00879216194152832
0.007864952087402344
0.007727861404418945
0.010451078414916992
0.009768962860107422
0.008794784545898438
0.007719993591308594
0.009292125701904297
0.009402751922607422
0.008368968963623047
0.0071752071380615234
0.009534120559692383
0.009994268417358398
0.008766889572143555
0.009250640869140625
0.00861501693725586
0.009506940841674805
0.008389949798583984
0.009419918060302734
0.008193016052246094
0.011527061462402344
0.00875401496887207
0.009079217910766602
0.007696866989135742
0.009741067886352539
0.010284662246704102
0.010667085647583008
0.009414196014404297
0.008510112762451172
0.009496212005615234
0.007889986038208008
0.009426116943359375
0.008887767791748047
0.010222196578979492
0.008135795593261719
0.009887218475341797
0.009479999542236328
0.009582042694091797
0.010243892669677734
0.008473873138427734
0.010318994522094727
0.009055137634277344
0.010072946548461914
0.010514974594116211
0.010330915451049805
0.008970022201538086
0.009615182876586914
0.01096200942993164
0.008353948593139648
0.008563756942749023
0.008580684661865234
0.009680986404418945
0.010169267654418945
0.008263111114501953
0.010371208190917969
0.00824880599975586
0.008133888244628906
0.008165121078491211
0.013506174087524414
0.007920026779174805
0.0077970027923583984
0.008315801620483398
0.008170127868652344
0.010460853576660156
0.011178016662597656
0.011835098266601562
0.009079933166503906
0.00918889045715332
0.009968996047973633
0.008441925048828125
0.009330034255981445
0.010516166687011719
0.008286237716674805
0.014554023742675781
0.011301994323730469
0.010479927062988281
0.008918046951293945
0.008458852767944336
0.009168863296508789
0.010537147521972656
0.010199785232543945
0.009129047393798828
0.009440898895263672
0.009196043014526367
0.00968480110168457
0.009033918380737305
0.008316993713378906
0.010625123977661133
0.009176969528198242
0.007989883422851562
0.008562803268432617
0.008478403091430664
0.009325027465820312
0.009633064270019531
0.010338783264160156
0.008679866790771484
0.008356809616088867
0.008426904678344727
0.008189916610717773
0.010967016220092773
0.00807499885559082
0.008234977722167969
0.01102590560913086
0.008574962615966797
0.008800029754638672
0.009547948837280273
0.014970779418945312
0.008460044860839844
0.010692119598388672
0.010394811630249023
0.009989738464355469
0.008198261260986328
0.009203910827636719
0.008288145065307617
0.010110855102539062
0.009707927703857422
0.01009511947631836
0.009011983871459961
0.010069131851196289
0.009926795959472656
0.012408971786499023
0.008629798889160156
0.01038503646850586
0.008572816848754883
0.007386207580566406
0.009135961532592773
0.00779414176940918
0.009438753128051758
0.008215665817260742
0.009390830993652344
0.009289264678955078
0.008423805236816406
0.007935047149658203
0.009015083312988281
0.009275197982788086
0.010973930358886719
0.009569883346557617
0.007788181304931641
0.010684013366699219
0.01023411750793457
0.00914907455444336
0.008442878723144531
0.008612871170043945
0.007851839065551758
0.00896000862121582
0.008903264999389648
0.009539127349853516
0.008404970169067383
0.009775638580322266
0.008037090301513672
0.008944272994995117
0.010297298431396484
0.01055288314819336
0.008594989776611328
0.009299278259277344
0.008591175079345703
0.009361028671264648
0.009500980377197266
0.009144067764282227
0.008838891983032227
0.008426904678344727
0.009862899780273438
0.007844924926757812
0.00904703140258789
0.010483980178833008
0.008524179458618164
0.010378837585449219
0.008339881896972656
0.01363992691040039
0.00974273681640625
0.012396812438964844
0.010658025741577148
0.010601997375488281
0.00946497917175293
0.009154796600341797
0.01301884651184082
0.010446786880493164
0.008363008499145508
0.008453130722045898
0.008282899856567383
0.008921146392822266
0.009435176849365234
0.00857686996459961
0.00923013687133789
0.010993003845214844
0.01016688346862793
0.008966922760009766
0.009548187255859375
0.009771108627319336
0.008240938186645508
0.008441925048828125
0.010436773300170898
0.007950067520141602
0.009083032608032227
0.008236885070800781
0.008043050765991211
0.011473894119262695
0.00829625129699707
0.008362054824829102
0.00802302360534668
0.008440732955932617
0.008564949035644531
0.009007930755615234
0.010193824768066406
0.008425235748291016
0.010108232498168945
0.009218215942382812
0.013796806335449219
0.009944915771484375
0.009963035583496094
0.009905099868774414
0.009726285934448242
0.008502006530761719
0.008581161499023438
0.00824117660522461
0.00728297233581543
0.00878000259399414
0.008259773254394531
0.00882101058959961
0.01158595085144043
0.01050424575805664
0.008936882019042969
0.010130167007446289
0.009134054183959961
0.009029150009155273
0.009157896041870117
0.008230924606323242
0.008718013763427734
0.008444070816040039
0.008050203323364258
0.012344121932983398
0.009220123291015625
0.010495424270629883
0.009435892105102539
0.011188983917236328
0.009048938751220703
0.008232831954956055
0.011088848114013672
0.010207891464233398
0.011873960494995117
0.009000301361083984
0.00882101058959961
0.008244991302490234
0.009038686752319336
0.009226083755493164
0.00849294662475586
0.009847164154052734
0.010690927505493164
0.0084381103515625
0.009240865707397461
0.010585784912109375
0.00782012939453125
0.00877690315246582
0.008676767349243164
0.008929967880249023
0.008348226547241211
0.009356975555419922
0.008270978927612305
0.008152008056640625
0.008837223052978516
0.008678913116455078
0.010384798049926758
0.007691144943237305
0.008680105209350586
0.009936094284057617
0.010038137435913086
0.00807499885559082
0.008964061737060547
0.009315729141235352
0.008973121643066406
0.010435104370117188
0.008415937423706055
0.008381843566894531
0.009198188781738281
0.008750200271606445
0.009367942810058594
0.011877059936523438
0.009191036224365234
0.010051727294921875
0.007573127746582031
0.00754094123840332
0.01076507568359375
0.010290145874023438
0.008578062057495117
0.008589982986450195
0.008521795272827148
0.00897526741027832
0.008574962615966797
0.010431051254272461
0.010671138763427734
0.008816957473754883
0.008963823318481445
0.009085893630981445
0.010200023651123047
0.009226799011230469
0.008432149887084961
0.011137962341308594
0.008713006973266602
0.008639097213745117
0.007977008819580078
0.009473085403442383
0.008770942687988281
0.007690906524658203
0.00815892219543457
0.009432077407836914
0.008516073226928711
0.009402275085449219
0.008963823318481445
0.009584903717041016
0.00938105583190918
0.009008169174194336
0.009000062942504883
0.0074939727783203125
0.01372981071472168
0.008702993392944336
0.008168935775756836
0.011723995208740234
0.008686065673828125
0.009135007858276367
0.01046895980834961
0.008519887924194336
0.009682893753051758
0.008453845977783203
0.009491205215454102
0.010727167129516602
0.009847164154052734
0.010267972946166992
0.00848388671875
0.010107994079589844
0.010438203811645508
0.00940704345703125
0.007772922515869141
0.017258167266845703
0.00929117202758789
0.009035825729370117
0.01055288314819336
0.009752988815307617
0.010654926300048828
0.01096200942993164
0.007994890213012695
0.008831977844238281
0.008965015411376953
0.010143041610717773
0.00904393196105957
0.008382081985473633
0.008178234100341797
0.010142087936401367
0.00922393798828125
0.009332895278930664
0.008337974548339844
0.008204936981201172
0.008030891418457031
0.010751962661743164
0.009003877639770508
0.01306605339050293
0.0090789794921875
0.008263826370239258
0.009120941162109375
0.008485794067382812
0.00813603401184082
0.008115768432617188
0.011727094650268555
0.010089874267578125
0.008620023727416992
0.00922703742980957
0.008975744247436523
0.009531974792480469
0.010268211364746094
0.008052825927734375
0.007356882095336914
0.00877690315246582
0.00927591323852539
0.009328842163085938
0.008464813232421875
0.017821073532104492
0.008487224578857422
0.00859975814819336
0.009239912033081055
0.008585929870605469
0.00901484489440918
0.008665084838867188
0.009118080139160156
0.007737874984741211
0.007463932037353516
0.009829282760620117
0.009009838104248047
0.010226011276245117
0.008955717086791992
0.008677005767822266
0.009835958480834961
0.008216142654418945
0.007451057434082031
0.009289979934692383
0.010273933410644531
0.008154869079589844
0.007999897003173828
0.008791208267211914
0.010267972946166992
0.009335994720458984
0.008666753768920898
0.008022069931030273
0.008108854293823242
0.008237123489379883
0.007727861404418945
0.009381771087646484
0.008028984069824219
0.00846409797668457
0.01022791862487793
0.009421110153198242
0.008865118026733398
0.008348941802978516
0.010934114456176758
0.008987903594970703
0.008852005004882812
0.009029150009155273
0.009340047836303711
0.007376909255981445
0.009370803833007812
0.009652853012084961
0.009088993072509766
0.008900165557861328
0.008395195007324219
0.007624149322509766
0.009132146835327148
0.007988929748535156
0.009232759475708008
0.008392095565795898
0.008995294570922852
0.00867009162902832
0.008916854858398438
0.008021116256713867
0.009038925170898438
0.00909113883972168
0.008746147155761719
0.008333921432495117
0.008437156677246094
0.012060880661010742
0.010065078735351562
0.013339996337890625
0.00900888442993164
0.00851297378540039
0.008656978607177734
0.009387016296386719
0.008561849594116211
0.00775909423828125
0.009198904037475586
0.009773015975952148
0.008080244064331055
0.010126113891601562
0.008915901184082031
0.0091552734375
0.010232210159301758
0.008508920669555664
0.00853872299194336
0.009357929229736328
0.00794219970703125
0.010890007019042969
0.011377096176147461
0.0077648162841796875
0.009137868881225586
0.00894784927368164
0.007997989654541016
0.007967948913574219
0.009990930557250977
0.009382963180541992
0.01098179817199707
0.008935928344726562
0.009067773818969727
0.008100032806396484
0.010038614273071289
0.011204004287719727
0.010628938674926758
0.008640766143798828
0.00933694839477539
0.008278131484985352
0.009767770767211914
0.008681058883666992
0.007785320281982422
0.00925588607788086
0.007575035095214844
0.008076906204223633
0.01119089126586914
0.009276151657104492
0.010802030563354492
0.009625911712646484
0.008786916732788086
0.01045989990234375
0.00815892219543457
0.007848262786865234
0.011281967163085938
0.008145809173583984
0.009937047958374023
0.008977890014648438
0.009545087814331055
0.009929895401000977
0.008925914764404297
0.008836030960083008
0.010200977325439453
0.011193037033081055
0.009550094604492188
0.009353876113891602
0.00962519645690918
0.008509159088134766
0.009050130844116211
0.008637189865112305
0.009369850158691406
0.008279085159301758
0.009620189666748047
0.007840156555175781
0.008179903030395508
0.009870052337646484
0.008159160614013672
0.008765935897827148
0.008337020874023438
0.009756326675415039
0.010257244110107422
0.010226964950561523
0.01017618179321289
0.008728981018066406
0.009596109390258789
0.009076118469238281
0.009415864944458008
0.008564233779907227
0.009376049041748047
0.010483980178833008
0.008420228958129883
0.01046609878540039
0.009489059448242188
0.00927281379699707
0.012421846389770508
0.00905299186706543
0.009844064712524414
0.008941888809204102
0.011140823364257812
0.011636972427368164
0.009817123413085938
0.008658885955810547
0.008232831954956055
0.008875131607055664
0.009493827819824219
0.009200811386108398
0.009855985641479492
0.009294986724853516
0.008478879928588867
0.008498907089233398
0.009768247604370117
0.009334087371826172
0.010000228881835938
0.008089780807495117
0.009917020797729492
0.009655952453613281
0.012878894805908203
0.009584188461303711
0.0083770751953125
0.01127767562866211
0.009763002395629883
0.008149147033691406
0.008137941360473633
0.00739598274230957
0.01055002212524414
0.008465051651000977
0.007585763931274414
0.008314132690429688
0.009116888046264648
0.008633136749267578
0.010751008987426758
0.00932621955871582
0.008465290069580078
0.008097171783447266
0.007811784744262695
0.009413003921508789
0.008560895919799805
0.009772062301635742
0.008033990859985352
0.011198043823242188
0.008688688278198242
0.009444952011108398
0.007554054260253906
0.008134841918945312
0.008028745651245117
0.010785102844238281
0.008491992950439453
0.010418176651000977
0.009041070938110352
0.009067058563232422
0.00814199447631836
0.008089780807495117
0.011532068252563477
0.012400150299072266
0.00797581672668457
0.009496927261352539
0.009933710098266602
0.008033037185668945
0.009499788284301758
0.011030197143554688
0.008357048034667969
0.010030269622802734
0.008842945098876953
0.00914311408996582
0.011422157287597656
0.008587121963500977
0.009365081787109375
0.010049819946289062
0.00853872299194336
0.014410972595214844
0.010097026824951172
0.007970094680786133
0.009497880935668945
0.008742094039916992
0.008211851119995117
0.009121179580688477
0.009032011032104492
0.010268926620483398
0.012859821319580078
0.011350154876708984
0.007731914520263672
0.009900093078613281
0.009263753890991211
0.008300065994262695
0.009232759475708008
0.00805211067199707
0.009168148040771484
0.009862899780273438
0.010082006454467773
0.010873794555664062
0.011401176452636719
0.008091211318969727
0.009619951248168945
0.009292125701904297
0.008590221405029297
0.008281230926513672
0.008102893829345703
0.009716987609863281
0.009292125701904297
0.008688926696777344
0.009345054626464844
0.009788751602172852
0.009248971939086914
0.008137941360473633
0.00993204116821289
0.00798177719116211
0.008906126022338867
0.010232925415039062
0.009716033935546875
0.009843111038208008
0.00977182388305664
0.009155988693237305
0.010356903076171875
0.009362936019897461
0.009701967239379883
0.009464025497436523
0.009575366973876953
0.009528636932373047
0.008847713470458984
0.009740114212036133
0.008373737335205078
0.0068569183349609375
0.009222745895385742
0.009058952331542969
0.00956416130065918
0.008817911148071289
0.007809877395629883
0.009226322174072266
0.010189056396484375
0.008366107940673828
0.008306264877319336
0.009042739868164062
0.009122848510742188
0.009037971496582031
0.009859800338745117
0.009288787841796875
0.010692119598388672
0.00865316390991211
0.0083770751953125
0.008925914764404297
0.010024070739746094
0.009315252304077148
0.009462833404541016
0.011213064193725586
0.011128902435302734
0.00821995735168457
0.008347034454345703
0.008125782012939453
0.00923013687133789
0.008274078369140625
0.009453058242797852
0.010702848434448242
0.008599042892456055
0.008023262023925781
0.008704185485839844
0.007725954055786133
0.008671283721923828
0.009109973907470703
0.008779048919677734
0.01006317138671875
0.010550737380981445
0.0108489990234375
0.007714033126831055
0.008170366287231445
0.007880926132202148
0.01106572151184082
0.008692026138305664
0.007843971252441406
0.009206056594848633
0.008817911148071289
0.009896039962768555
0.0102081298828125
0.009439945220947266
0.008611202239990234
0.008008956909179688
0.00899195671081543
0.008630990982055664
0.008800745010375977
0.012289047241210938
0.010380029678344727
0.009717702865600586
0.007565021514892578
0.009364128112792969
0.008932113647460938
0.008986711502075195
0.0077321529388427734
0.008036136627197266
0.009018898010253906
0.00942087173461914
0.009168148040771484
0.010171890258789062
0.011603832244873047
0.01166987419128418
0.010689020156860352
0.010501861572265625
0.009579181671142578
0.008018970489501953
0.0074329376220703125
0.008433818817138672
0.009424924850463867
0.008756875991821289
send_payment
