0.0010747909545898438
getMarblesByRange
0.0009698867797851562
getMarblesByRange
0.0009419918060302734
getMarblesByRange
0.0010538101196289062
getMarblesByRange
0.0009579658508300781
getMarblesByRange
0.0010800361633300781
getMarblesByRange
0.0009851455688476562
getMarblesByRange
0.0010371208190917969
getMarblesByRange
0.0013408660888671875
getMarblesByRange
0.0009429454803466797
getMarblesByRange
0.0010869503021240234
getMarblesByRange
0.0009291172027587891
getMarblesByRange
0.0016279220581054688
getMarblesByRange
0.0009663105010986328
getMarblesByRange
0.0011451244354248047
getMarblesByRange
0.0010912418365478516
getMarblesByRange
0.0009920597076416016
getMarblesByRange
0.0011489391326904297
getMarblesByRange
0.0009889602661132812
getMarblesByRange
0.0013778209686279297
getMarblesByRange
===
0.001542806625366211
initMarble
0.0009019374847412109
initMarble
0.0009768009185791016
initMarble
0.0008981227874755859
initMarble
0.000885009765625
initMarble
0.0010831356048583984
initMarble
0.001291036605834961
initMarble
0.0011191368103027344
initMarble
0.0010819435119628906
initMarble
0.0009429454803466797
initMarble
0.0009319782257080078
initMarble
This marble already exists: 0
0.0009691715240478516
initMarble
0.0013539791107177734
getMarblesByRange


initMarble 100회
===
0.0011277198791503906
initMarble
0.001264810562133789
initMarble
0.0011441707611083984
initMarble
0.001007080078125
initMarble
0.0010199546813964844
initMarble
0.0011610984802246094
initMarble
0.0010559558868408203
initMarble
0.0012559890747070312
initMarble
0.0013692378997802734
initMarble
0.0013570785522460938
initMarble
0.0015730857849121094
initMarble
0.0010209083557128906
initMarble
0.001032114028930664
initMarble
0.0009410381317138672
initMarble
0.0009479522705078125
initMarble
0.001317739486694336
initMarble
0.0011551380157470703
initMarble
0.0014541149139404297
initMarble
0.0014140605926513672
initMarble
0.0011222362518310547
initMarble
0.0010123252868652344
initMarble
0.0009958744049072266
initMarble
0.00127410888671875
initMarble
0.001196146011352539
initMarble
0.0011839866638183594
initMarble
0.001039743423461914
initMarble
0.000993967056274414
initMarble
0.0012221336364746094
initMarble
0.0009698867797851562
initMarble
0.0010480880737304688
initMarble
0.0010082721710205078
initMarble
0.000965118408203125
initMarble
0.0008790493011474609
initMarble
0.0009889602661132812
initMarble
0.0009150505065917969
initMarble
0.0010662078857421875
initMarble
0.0009317398071289062
initMarble
0.000985860824584961
initMarble
0.0008881092071533203
initMarble
0.0009527206420898438
initMarble
0.0008950233459472656
initMarble
0.0014128684997558594
initMarble
0.000990152359008789
initMarble
0.0009317398071289062
initMarble
0.0009489059448242188
initMarble
0.0008840560913085938
initMarble
0.0009629726409912109
initMarble
0.0009341239929199219
initMarble
0.0011301040649414062
initMarble
0.0014679431915283203
initMarble
0.0010018348693847656
initMarble
0.0011796951293945312
initMarble
0.0009899139404296875
initMarble
0.0010256767272949219
initMarble
0.0012311935424804688
initMarble
0.0010361671447753906
initMarble
0.0009229183197021484
initMarble
0.0009598731994628906
initMarble
0.0009369850158691406
initMarble
0.0009541511535644531
initMarble
0.0008969306945800781
initMarble
0.0011038780212402344
initMarble
0.0009119510650634766
initMarble
0.0009548664093017578
initMarble
0.0008831024169921875
initMarble
0.0011410713195800781
initMarble
0.0009348392486572266
initMarble
0.0008938312530517578
initMarble
0.001007080078125
initMarble
0.0010988712310791016
initMarble
0.001004934310913086
initMarble
0.0011789798736572266
initMarble
0.0009050369262695312
initMarble
0.0011839866638183594
initMarble
0.0009698867797851562
initMarble
0.0009801387786865234
initMarble
0.0010328292846679688
initMarble
0.0010771751403808594
initMarble
0.0009250640869140625
initMarble
0.0009176731109619141
initMarble
0.0012879371643066406
initMarble
0.0009047985076904297
initMarble
0.0009789466857910156
initMarble
0.0009179115295410156
initMarble
0.0014531612396240234
initMarble
0.001190185546875
initMarble
0.0012569427490234375
initMarble
0.0008969306945800781
initMarble
0.0009629726409912109
initMarble
0.0011730194091796875
initMarble
0.0011782646179199219
initMarble
0.0009069442749023438
initMarble
0.0012540817260742188
initMarble
0.0016050338745117188
initMarble
0.0009071826934814453
initMarble
0.0010502338409423828
initMarble
0.0009510517120361328
initMarble
0.0011200904846191406
initMarble
0.0010309219360351562
initMarble
0.0009548664093017578
initMarble
===


getMarblesByRange
===
0.0011739730834960938
0.0010921955108642578
0.0009381771087646484
0.0009920597076416016
0.0008559226989746094
0.0009729862213134766
0.0011200904846191406
0.0009961128234863281
0.0009789466857910156
0.0014410018920898438
0.0011970996856689453
0.0009579658508300781
0.0012049674987792969
0.0008809566497802734
0.0009510517120361328
0.0009338855743408203
0.0008590221405029297
0.000946044921875
0.001116037368774414
0.0009279251098632812
0.0012850761413574219
0.0009391307830810547
0.0009071826934814453
0.0010979175567626953
0.0011250972747802734
0.0010960102081298828
0.000946044921875
0.0009288787841796875
0.0009558200836181641
0.0013670921325683594
0.0008668899536132812
0.001088857650756836
0.0008602142333984375
0.001146078109741211
0.0010259151458740234
0.0008521080017089844
0.0008718967437744141
0.0015249252319335938
0.0008969306945800781
0.001009225845336914
0.001071929931640625
0.0008890628814697266
0.0009930133819580078
0.0008819103240966797
0.0009927749633789062
0.000946044921875
0.0009009838104248047
0.0011739730834960938
0.0009720325469970703
0.0010259151458740234
0.0008943080902099609
0.0008909702301025391
0.0008752346038818359
0.0008802413940429688
0.0010499954223632812
0.0010008811950683594
0.0013201236724853516
0.0009610652923583984
0.0010530948638916016
0.0015189647674560547
0.0009739398956298828
0.0011057853698730469
0.0008640289306640625
0.0009799003601074219
0.0008640289306640625
0.0009410381317138672
0.0008687973022460938
0.001065969467163086
0.0011272430419921875
0.0010323524475097656
0.0008420944213867188
0.0010061264038085938
0.0008931159973144531
0.0009620189666748047
0.0008578300476074219
0.000949859619140625
0.0008680820465087891
0.0009899139404296875
0.000865936279296875
0.0012600421905517578
0.0008809566497802734
0.0008859634399414062
0.0010230541229248047
0.001172780990600586
0.0011930465698242188
0.0009348392486572266
0.0008518695831298828
0.0012929439544677734
0.0008580684661865234
0.0010209083557128906
0.001544952392578125
0.0008897781372070312
0.0009169578552246094
0.0009150505065917969
0.001188039779663086
0.001104116439819336
0.0009090900421142578
0.0009279251098632812
0.0014519691467285156
0.0010099411010742188