1회차
===
0.0011699199676513672
create_account
0.0010411739349365234
deposit_checking
0.0010409355163574219
send_payment
realQuery{"CustomId":"70","CustomName":"test","SavingsBalance":1000,"CheckingBalance":1000}
0.0013570785522460938
invoke-query
{"CustomId":"55","CustomName":"y","SavingsBalance":100,"CheckingBalance":1300}
===

2회차
===
0.0010797977447509766
create_account
0.001154184341430664
deposit_checking
0.0010750293731689453
send_payment
realQuery{"CustomId":"71","CustomName":"test","SavingsBalance":1000,"CheckingBalance":1000}
0.001931905746459961
invoke-query{"CustomId":"55","CustomName":"y","SavingsBalance":100,"CheckingBalance":2300}
===

3회차
===
0.0023012161254882812
create_account
0.0011720657348632812
deposit_checking
0.0008761882781982422
send_payment
realQuery{"CustomId":"72","CustomName":"test","SavingsBalance":1000,"CheckingBalance":1000}
0.0010209083557128906
invoke-query{"CustomId":"55","CustomName":"y","SavingsBalance":100,"CheckingBalance":3300}
===

4회차
===
0.0012171268463134766
create_account
0.0012969970703125
deposit_checking
0.0014226436614990234
send_payment
realQuery{"CustomId":"73","CustomName":"test","SavingsBalance":1000,"CheckingBalance":1000}
0.0015230178833007812
invoke-query{"CustomId":"55","CustomName":"y","SavingsBalance":100,"CheckingBalance":4300}
===

5회차
===
0.0010979175567626953
create_account
0.0009639263153076172
deposit_checking
0.0009620189666748047
send_payment
realQuery{"CustomId":"74","CustomName":"test","SavingsBalance":1000,"CheckingBalance":1000}
0.0017027854919433594
invoke-query{"CustomId":"55","CustomName":"y","SavingsBalance":100,"CheckingBalance":5300}
===

6회차~15회차
0.0011191368103027344
create_account
0.0008919239044189453
deposit_checking
0.0011129379272460938
send_payment
realQuery{"CustomId":"75","CustomName":"test","SavingsBalance":1000,"CheckingBalance":2000}
0.0011229515075683594
invoke-query{"CustomId":"55","CustomName":"y","SavingsBalance":100,"CheckingBalance":6300}
===
0.0009629726409912109
create_account
0.0012218952178955078
deposit_checking
0.0010437965393066406
send_payment
realQuery{"CustomId":"76","CustomName":"test","SavingsBalance":1000,"CheckingBalance":2000}
0.0013720989227294922
invoke-query{"CustomId":"55","CustomName":"y","SavingsBalance":100,"CheckingBalance":7300}
===
0.0008912086486816406
create_account
0.0011429786682128906
deposit_checking
0.0008828639984130859
send_payment
realQuery{"CustomId":"77","CustomName":"test","SavingsBalance":1000,"CheckingBalance":2000}
0.0013530254364013672
invoke-query{"CustomId":"55","CustomName":"y","SavingsBalance":100,"CheckingBalance":8300}
===
0.0009610652923583984
create_account
0.0009448528289794922
deposit_checking
0.0010390281677246094
send_payment
realQuery{"CustomId":"78","CustomName":"test","SavingsBalance":1000,"CheckingBalance":2000}
0.0011303424835205078
invoke-query{"CustomId":"55","CustomName":"y","SavingsBalance":100,"CheckingBalance":9300}
===
0.0010230541229248047
create_account
0.0014789104461669922
deposit_checking
0.001074075698852539
send_payment
realQuery{"CustomId":"79","CustomName":"test","SavingsBalance":1000,"CheckingBalance":2000}
0.0013489723205566406
invoke-query{"CustomId":"55","CustomName":"y","SavingsBalance":100,"CheckingBalance":10300}
===
0.001695871353149414
create_account
0.00102996826171875
deposit_checking
0.0009808540344238281
send_payment
realQuery{"CustomId":"80","CustomName":"test","SavingsBalance":1000,"CheckingBalance":2000}
0.0012133121490478516
invoke-query{"CustomId":"55","CustomName":"y","SavingsBalance":100,"CheckingBalance":11300}
===
0.0009598731994628906
create_account
0.0013539791107177734
deposit_checking
0.0009179115295410156
send_payment
realQuery{"CustomId":"81","CustomName":"test","SavingsBalance":1000,"CheckingBalance":2000}
0.0011179447174072266
invoke-query{"CustomId":"55","CustomName":"y","SavingsBalance":100,"CheckingBalance":12300}
===
0.0009839534759521484
create_account
0.0010669231414794922
deposit_checking
0.0008990764617919922
send_payment
realQuery{"CustomId":"82","CustomName":"test","SavingsBalance":1000,"CheckingBalance":2000}
0.0008990764617919922
invoke-query{"CustomId":"55","CustomName":"y","SavingsBalance":100,"CheckingBalance":13300}
===
0.0011518001556396484
create_account
0.0011010169982910156
deposit_checking
0.0008790493011474609
send_payment
realQuery{"CustomId":"83","CustomName":"test","SavingsBalance":1000,"CheckingBalance":2000}
0.000911712646484375
invoke-query{"CustomId":"55","CustomName":"y","SavingsBalance":100,"CheckingBalance":14300}
===
0.0009438991546630859
create_account
0.0008678436279296875
deposit_checking
0.0009469985961914062
send_payment
realQuery{"CustomId":"84","CustomName":"test","SavingsBalance":1000,"CheckingBalance":2000}
0.0012578964233398438
invoke-query{"CustomId":"55","CustomName":"y","SavingsBalance":100,"CheckingBalance":15300}
===


16회차~25회차
0.0014510154724121094
create_account
0.0009222030639648438
deposit_checking
0.0011670589447021484
send_payment
realQuery{"CustomId":"r","CustomName":"test","SavingsBalance":1000,"CheckingBalance":2000}
0.0015799999237060547
invoke-query{"CustomId":"55","CustomName":"y","SavingsBalance":100,"CheckingBalance":16300}
===
0.0008997917175292969
create_account
0.0009930133819580078
deposit_checking
0.0009510517120361328
send_payment
realQuery{"CustomId":"a","CustomName":"test","SavingsBalance":1000,"CheckingBalance":2000}
0.0008809566497802734
invoke-query{"CustomId":"55","CustomName":"y","SavingsBalance":100,"CheckingBalance":17300}
===
0.0013971328735351562
create_account
0.001069784164428711
deposit_checking
0.0013759136199951172
send_payment
realQuery{"CustomId":"n","CustomName":"test","SavingsBalance":1000,"CheckingBalance":2000}
0.0015099048614501953
invoke-query{"CustomId":"55","CustomName":"y","SavingsBalance":100,"CheckingBalance":18300}
===
0.0011379718780517578
create_account
0.0010628700256347656
deposit_checking
0.0009090900421142578
send_payment
realQuery{"CustomId":"g","CustomName":"test","SavingsBalance":1000,"CheckingBalance":2000}
0.0011420249938964844
invoke-query{"CustomId":"55","CustomName":"y","SavingsBalance":100,"CheckingBalance":19300}
===
0.0012319087982177734
create_account
0.0012919902801513672
deposit_checking
0.0008978843688964844
send_payment
realQuery{"CustomId":"e","CustomName":"test","SavingsBalance":1000,"CheckingBalance":2000}
0.001096963882446289
invoke-query{"CustomId":"55","CustomName":"y","SavingsBalance":100,"CheckingBalance":20300}
===
0.0011799335479736328
create_account
0.0010249614715576172
deposit_checking
0.0011980533599853516
send_payment
realQuery{"CustomId":"(","CustomName":"test","SavingsBalance":1000,"CheckingBalance":2000}
0.0010251998901367188
invoke-query{"CustomId":"55","CustomName":"y","SavingsBalance":100,"CheckingBalance":21300}
===
0.0010230541229248047
create_account
0.0011708736419677734
deposit_checking
0.0013189315795898438
send_payment
realQuery{"CustomId":"8","CustomName":"test","SavingsBalance":1000,"CheckingBalance":2000}
0.000972747802734375
invoke-query{"CustomId":"55","CustomName":"y","SavingsBalance":100,"CheckingBalance":22300}
===
0.0009200572967529297
create_account
0.000926971435546875
deposit_checking
0.001361846923828125
send_payment
realQuery{"CustomId":"5","CustomName":"test","SavingsBalance":1000,"CheckingBalance":2000}
0.0009021759033203125
invoke-query{"CustomId":"55","CustomName":"y","SavingsBalance":100,"CheckingBalance":23300}
===
0.0010042190551757812
create_account
0.0008778572082519531
deposit_checking
0.0011429786682128906
send_payment
realQuery{"CustomId":",","CustomName":"test","SavingsBalance":1000,"CheckingBalance":2000}
0.0009520053863525391
invoke-query{"CustomId":"55","CustomName":"y","SavingsBalance":100,"CheckingBalance":24300}
===
0.0009531974792480469
create_account
0.0011420249938964844
deposit_checking
0.000885009765625
send_payment
realQuery{"CustomId":" ","CustomName":"test","SavingsBalance":1000,"CheckingBalance":2000}
0.0010650157928466797
invoke-query{"CustomId":"55","CustomName":"y","SavingsBalance":100,"CheckingBalance":25300}
===
0.0008971691131591797
create_account
0.0011010169982910156
deposit_checking
0.0009598731994628906
send_payment
realQuery{"CustomId":"9","CustomName":"test","SavingsBalance":1000,"CheckingBalance":2000}
0.0009708404541015625
invoke-query{"CustomId":"55","CustomName":"y","SavingsBalance":100,"CheckingBalance":26300}
===
0.0009160041809082031
create_account
0.0013508796691894531
deposit_checking
0.0009291172027587891
send_payment
realQuery{"CustomId":"5","CustomName":"test","SavingsBalance":1000,"CheckingBalance":3000}
0.0009951591491699219
invoke-query{"CustomId":"55","CustomName":"y","SavingsBalance":100,"CheckingBalance":27300}
===
0.0014519691467285156
create_account
0.0008649826049804688
deposit_checking
0.0009448528289794922
send_payment
realQuery{"CustomId":")","CustomName":"test","SavingsBalance":1000,"CheckingBalance":2000}
0.0015921592712402344
invoke-query{"CustomId":"55","CustomName":"y","SavingsBalance":100,"CheckingBalance":28300}
===